2019-06-17 00:06:09,571 [main] ERROR o.s.boot.SpringApplication.reportFailure 863 - Application run failed
org.springframework.beans.factory.BeanCreationException: Error creating bean with name 'primaryConfig': Injection of resource dependencies failed; nested exception is org.springframework.beans.factory.NoSuchBeanDefinitionException: No qualifying bean of type 'javax.sql.DataSource' available: expected at least 1 bean which qualifies as autowire candidate. Dependency annotations: {@javax.annotation.Resource(shareable=true, lookup=, name=, description=, authenticationType=CONTAINER, type=class java.lang.Object, mappedName=), @org.springframework.beans.factory.annotation.Qualifier(value=ds1)}
	at org.springframework.context.annotation.CommonAnnotationBeanPostProcessor.postProcessPropertyValues(CommonAnnotationBeanPostProcessor.java:321)
	at org.springframework.beans.factory.support.AbstractAutowireCapableBeanFactory.populateBean(AbstractAutowireCapableBeanFactory.java:1341)
	at org.springframework.beans.factory.support.AbstractAutowireCapableBeanFactory.doCreateBean(AbstractAutowireCapableBeanFactory.java:572)
	at org.springframework.beans.factory.support.AbstractAutowireCapableBeanFactory.createBean(AbstractAutowireCapableBeanFactory.java:495)
	at org.springframework.beans.factory.support.AbstractBeanFactory.lambda$doGetBean$0(AbstractBeanFactory.java:317)
	at org.springframework.beans.factory.support.DefaultSingletonBeanRegistry.getSingleton(DefaultSingletonBeanRegistry.java:222)
	at org.springframework.beans.factory.support.AbstractBeanFactory.doGetBean(AbstractBeanFactory.java:315)
	at org.springframework.beans.factory.support.AbstractBeanFactory.getBean(AbstractBeanFactory.java:199)
	at org.springframework.beans.factory.support.ConstructorResolver.instantiateUsingFactoryMethod(ConstructorResolver.java:372)
	at org.springframework.beans.factory.support.AbstractAutowireCapableBeanFactory.instantiateUsingFactoryMethod(AbstractAutowireCapableBeanFactory.java:1247)
	at org.springframework.beans.factory.support.AbstractAutowireCapableBeanFactory.createBeanInstance(AbstractAutowireCapableBeanFactory.java:1096)
	at org.springframework.beans.factory.support.AbstractAutowireCapableBeanFactory.doCreateBean(AbstractAutowireCapableBeanFactory.java:535)
	at org.springframework.beans.factory.support.AbstractAutowireCapableBeanFactory.createBean(AbstractAutowireCapableBeanFactory.java:495)
	at org.springframework.beans.factory.support.AbstractBeanFactory.lambda$doGetBean$0(AbstractBeanFactory.java:317)
	at org.springframework.beans.factory.support.DefaultSingletonBeanRegistry.getSingleton(DefaultSingletonBeanRegistry.java:222)
	at org.springframework.beans.factory.support.AbstractBeanFactory.doGetBean(AbstractBeanFactory.java:315)
	at org.springframework.beans.factory.support.AbstractBeanFactory.getBean(AbstractBeanFactory.java:199)
	at org.springframework.context.support.AbstractApplicationContext.getBean(AbstractApplicationContext.java:1089)
	at org.springframework.context.support.AbstractApplicationContext.finishBeanFactoryInitialization(AbstractApplicationContext.java:859)
	at org.springframework.context.support.AbstractApplicationContext.refresh(AbstractApplicationContext.java:550)
	at org.springframework.boot.web.servlet.context.ServletWebServerApplicationContext.refresh(ServletWebServerApplicationContext.java:140)
	at org.springframework.boot.SpringApplication.refresh(SpringApplication.java:780)
	at org.springframework.boot.SpringApplication.refreshContext(SpringApplication.java:412)
	at org.springframework.boot.SpringApplication.run(SpringApplication.java:333)
	at org.springframework.boot.SpringApplication.run(SpringApplication.java:1277)
	at org.springframework.boot.SpringApplication.run(SpringApplication.java:1265)
	at com.gwq.cnotf.CnotfApplication.main(CnotfApplication.java:14)
Caused by: org.springframework.beans.factory.NoSuchBeanDefinitionException: No qualifying bean of type 'javax.sql.DataSource' available: expected at least 1 bean which qualifies as autowire candidate. Dependency annotations: {@javax.annotation.Resource(shareable=true, lookup=, name=, description=, authenticationType=CONTAINER, type=class java.lang.Object, mappedName=), @org.springframework.beans.factory.annotation.Qualifier(value=ds1)}
	at org.springframework.beans.factory.support.DefaultListableBeanFactory.raiseNoMatchingBeanFound(DefaultListableBeanFactory.java:1506)
	at org.springframework.beans.factory.support.DefaultListableBeanFactory.doResolveDependency(DefaultListableBeanFactory.java:1101)
	at org.springframework.beans.factory.support.DefaultListableBeanFactory.resolveDependency(DefaultListableBeanFactory.java:1062)
	at org.springframework.context.annotation.CommonAnnotationBeanPostProcessor.autowireResource(CommonAnnotationBeanPostProcessor.java:507)
	at org.springframework.context.annotation.CommonAnnotationBeanPostProcessor.getResource(CommonAnnotationBeanPostProcessor.java:485)
	at org.springframework.context.annotation.CommonAnnotationBeanPostProcessor$ResourceElement.getResourceToInject(CommonAnnotationBeanPostProcessor.java:619)
	at org.springframework.beans.factory.annotation.InjectionMetadata$InjectedElement.inject(InjectionMetadata.java:180)
	at org.springframework.beans.factory.annotation.InjectionMetadata.inject(InjectionMetadata.java:90)
	at org.springframework.context.annotation.CommonAnnotationBeanPostProcessor.postProcessPropertyValues(CommonAnnotationBeanPostProcessor.java:318)
	... 26 common frames omitted
2019-06-17 00:07:35,840 [main] ERROR o.s.b.d.LoggingFailureAnalysisReporter.report 42 - 

***************************
APPLICATION FAILED TO START
***************************

Description:

Failed to configure a DataSource: 'url' attribute is not specified and no embedded datasource could be configured.

Reason: Failed to determine a suitable driver class


Action:

Consider the following:
	If you want an embedded database (H2, HSQL or Derby), please put it on the classpath.
	If you have database settings to be loaded from a particular profile you may need to activate it (no profiles are currently active).

2019-06-17 00:07:57,874 [main] ERROR o.s.b.d.LoggingFailureAnalysisReporter.report 42 - 

***************************
APPLICATION FAILED TO START
***************************

Description:

Failed to configure a DataSource: 'url' attribute is not specified and no embedded datasource could be configured.

Reason: Failed to determine a suitable driver class


Action:

Consider the following:
	If you want an embedded database (H2, HSQL or Derby), please put it on the classpath.
	If you have database settings to be loaded from a particular profile you may need to activate it (no profiles are currently active).

2019-06-17 00:15:35,799 [main] ERROR o.s.b.d.LoggingFailureAnalysisReporter.report 42 - 

***************************
APPLICATION FAILED TO START
***************************

Description:

Failed to configure a DataSource: 'url' attribute is not specified and no embedded datasource could be configured.

Reason: Failed to determine a suitable driver class


Action:

Consider the following:
	If you want an embedded database (H2, HSQL or Derby), please put it on the classpath.
	If you have database settings to be loaded from a particular profile you may need to activate it (no profiles are currently active).

2019-06-17 00:17:21,678 [main] ERROR o.s.b.d.LoggingFailureAnalysisReporter.report 42 - 

***************************
APPLICATION FAILED TO START
***************************

Description:

Field tcPfVarRepository in com.gwq.cnotf.service.TcPfVarService required a bean named 'primaryEntityManagerFactory' that could not be found.


Action:

Consider defining a bean named 'primaryEntityManagerFactory' in your configuration.

2019-06-17 00:23:10,692 [main] ERROR o.s.b.d.LoggingFailureAnalysisReporter.report 42 - 

***************************
APPLICATION FAILED TO START
***************************

Description:

Field tcPfVarRepository in com.gwq.cnotf.service.TcPfVarService required a bean named 'primaryEntityManagerFactory' that could not be found.


Action:

Consider defining a bean named 'primaryEntityManagerFactory' in your configuration.

2019-06-17 00:23:46,650 [main] ERROR o.s.b.d.LoggingFailureAnalysisReporter.report 42 - 

***************************
APPLICATION FAILED TO START
***************************

Description:

Field tcPfVarRepository in com.gwq.cnotf.service.TcPfVarService required a bean named 'primaryEntityManagerFactory' that could not be found.


Action:

Consider defining a bean named 'primaryEntityManagerFactory' in your configuration.

2019-06-17 00:27:21,858 [main] ERROR o.s.b.d.LoggingFailureAnalysisReporter.report 42 - 

***************************
APPLICATION FAILED TO START
***************************

Description:

Field vueMailRepository in com.gwq.cnotf.service.VueMailService required a bean named 'secondaryEntityManagerFactory' that could not be found.


Action:

Consider defining a bean named 'secondaryEntityManagerFactory' in your configuration.

2019-06-17 00:28:16,560 [main] ERROR o.s.b.d.LoggingFailureAnalysisReporter.report 42 - 

***************************
APPLICATION FAILED TO START
***************************

Description:

Field tcPfVarRepository in com.gwq.cnotf.service.TcPfVarService required a bean named 'primaryEntityManagerFactory' that could not be found.


Action:

Consider defining a bean named 'primaryEntityManagerFactory' in your configuration.

2019-06-17 00:31:41,818 [main] ERROR o.s.b.d.LoggingFailureAnalysisReporter.report 42 - 

***************************
APPLICATION FAILED TO START
***************************

Description:

Field tcPfVarRepository in com.gwq.cnotf.service.TcPfVarService required a bean named 'primaryEntityManagerFactory' that could not be found.


Action:

Consider defining a bean named 'primaryEntityManagerFactory' in your configuration.

2019-06-17 00:33:33,507 [main] ERROR o.s.b.d.LoggingFailureAnalysisReporter.report 42 - 

***************************
APPLICATION FAILED TO START
***************************

Description:

Field tcPfVarRepository in com.gwq.cnotf.service.TcPfVarService required a bean named 'primaryEntityManagerFactory' that could not be found.


Action:

Consider defining a bean named 'primaryEntityManagerFactory' in your configuration.

2019-06-17 00:36:59,907 [main] ERROR o.s.b.d.LoggingFailureAnalysisReporter.report 42 - 

***************************
APPLICATION FAILED TO START
***************************

Description:

Failed to configure a DataSource: 'url' attribute is not specified and no embedded datasource could be configured.

Reason: Failed to determine a suitable driver class


Action:

Consider the following:
	If you want an embedded database (H2, HSQL or Derby), please put it on the classpath.
	If you have database settings to be loaded from a particular profile you may need to activate it (no profiles are currently active).

2019-06-17 00:37:17,687 [main] ERROR o.s.b.d.LoggingFailureAnalysisReporter.report 42 - 

***************************
APPLICATION FAILED TO START
***************************

Description:

Field tcPfVarRepository in com.gwq.cnotf.service.TcPfVarService required a bean named 'primaryEntityManagerFactory' that could not be found.


Action:

Consider defining a bean named 'primaryEntityManagerFactory' in your configuration.

2019-06-17 00:42:55,709 [main] ERROR o.s.b.d.LoggingFailureAnalysisReporter.report 42 - 

***************************
APPLICATION FAILED TO START
***************************

Description:

Field tcPfVarRepository in com.gwq.cnotf.service.TcPfVarService required a bean named 'primaryEntityManagerFactory' that could not be found.


Action:

Consider defining a bean named 'primaryEntityManagerFactory' in your configuration.

2019-06-17 00:46:32,829 [main] ERROR o.s.b.d.LoggingFailureAnalysisReporter.report 42 - 

***************************
APPLICATION FAILED TO START
***************************

Description:

Field tcPfVarRepository in com.gwq.cnotf.service.TcPfVarService required a bean named 'primaryEntityManagerFactory' that could not be found.


Action:

Consider defining a bean named 'primaryEntityManagerFactory' in your configuration.

2019-06-17 00:47:34,568 [main] ERROR o.s.b.d.LoggingFailureAnalysisReporter.report 42 - 

***************************
APPLICATION FAILED TO START
***************************

Description:

Field tcPfVarRepository in com.gwq.cnotf.service.TcPfVarService required a bean named 'primaryEntityManagerFactory' that could not be found.


Action:

Consider defining a bean named 'primaryEntityManagerFactory' in your configuration.

2019-06-17 00:51:42,626 [main] ERROR o.s.b.d.LoggingFailureAnalysisReporter.report 42 - 

***************************
APPLICATION FAILED TO START
***************************

Description:

Field tcPfVarRepository in com.gwq.cnotf.service.TcPfVarService required a bean named 'primaryEntityManagerFactory' that could not be found.


Action:

Consider defining a bean named 'primaryEntityManagerFactory' in your configuration.

2019-06-17 00:52:26,122 [main] ERROR o.s.b.d.LoggingFailureAnalysisReporter.report 42 - 

***************************
APPLICATION FAILED TO START
***************************

Description:

Field tcPfVarRepository in com.gwq.cnotf.service.TcPfVarService required a bean named 'primaryEntityManagerFactory' that could not be found.


Action:

Consider defining a bean named 'primaryEntityManagerFactory' in your configuration.

2019-06-17 00:56:37,366 [main] ERROR o.s.b.d.LoggingFailureAnalysisReporter.report 42 - 

***************************
APPLICATION FAILED TO START
***************************

Description:

Field tcPfVarRepository in com.gwq.cnotf.service.TcPfVarService required a bean named 'primaryEntityManagerFactory' that could not be found.


Action:

Consider defining a bean named 'primaryEntityManagerFactory' in your configuration.

2019-06-17 00:57:27,564 [main] ERROR o.s.b.d.LoggingFailureAnalysisReporter.report 42 - 

***************************
APPLICATION FAILED TO START
***************************

Description:

Field tcPfVarRepository in com.gwq.cnotf.service.TcPfVarService required a bean named 'primaryEntityManagerFactory' that could not be found.


Action:

Consider defining a bean named 'primaryEntityManagerFactory' in your configuration.

2019-06-17 00:57:43,833 [main] ERROR o.s.b.d.LoggingFailureAnalysisReporter.report 42 - 

***************************
APPLICATION FAILED TO START
***************************

Description:

Field tcPfVarRepository in com.gwq.cnotf.service.TcPfVarService required a bean named 'primaryEntityManagerFactory' that could not be found.


Action:

Consider defining a bean named 'primaryEntityManagerFactory' in your configuration.

2019-06-17 00:59:38,864 [main] ERROR o.s.b.d.LoggingFailureAnalysisReporter.report 42 - 

***************************
APPLICATION FAILED TO START
***************************

Description:

Field tcPfVarRepository in com.gwq.cnotf.service.TcPfVarService required a bean named 'primaryEntityManagerFactory' that could not be found.


Action:

Consider defining a bean named 'primaryEntityManagerFactory' in your configuration.

2019-06-17 01:03:52,779 [main] ERROR o.s.b.d.LoggingFailureAnalysisReporter.report 42 - 

***************************
APPLICATION FAILED TO START
***************************

Description:

Field tcPfVarRepository in com.gwq.cnotf.service.TcPfVarService required a bean named 'primaryEntityManagerFactory' that could not be found.


Action:

Consider defining a bean named 'primaryEntityManagerFactory' in your configuration.

2019-06-17 01:05:25,562 [main] ERROR o.s.b.d.LoggingFailureAnalysisReporter.report 42 - 

***************************
APPLICATION FAILED TO START
***************************

Description:

Field tcPfVarRepository in com.gwq.cnotf.service.TcPfVarService required a bean named 'primaryEntityManagerFactory' that could not be found.


Action:

Consider defining a bean named 'primaryEntityManagerFactory' in your configuration.

2019-06-17 01:06:03,143 [main] ERROR o.s.b.d.LoggingFailureAnalysisReporter.report 42 - 

***************************
APPLICATION FAILED TO START
***************************

Description:

Field tcPfVarRepository in com.gwq.cnotf.service.TcPfVarService required a bean named 'primaryEntityManagerFactory' that could not be found.


Action:

Consider defining a bean named 'primaryEntityManagerFactory' in your configuration.

2019-06-17 01:07:50,862 [main] ERROR o.s.b.d.LoggingFailureAnalysisReporter.report 42 - 

***************************
APPLICATION FAILED TO START
***************************

Description:

Field tcPfVarRepository in com.gwq.cnotf.service.TcPfVarService required a bean named 'primaryEntityManagerFactory' that could not be found.


Action:

Consider defining a bean named 'primaryEntityManagerFactory' in your configuration.

2019-06-17 01:14:25,765 [main] ERROR o.s.b.d.LoggingFailureAnalysisReporter.report 42 - 

***************************
APPLICATION FAILED TO START
***************************

Description:

Field tcPfVarRepository in com.gwq.cnotf.service.TcPfVarService required a bean named 'primaryEntityManagerFactory' that could not be found.


Action:

Consider defining a bean named 'primaryEntityManagerFactory' in your configuration.

