2019-04-28 16:29:08,491 [main] INFO  com.gwq.cnotf.CnotfApplication.logStarting 50 - Starting CnotfApplication on LAPTOP-2QSFD9UF with PID 8324 (E:\idea_workspace\cnotf\target\classes started by cnotf in E:\idea_workspace\cnotf)
2019-04-28 16:29:08,498 [main] INFO  com.gwq.cnotf.CnotfApplication.logStartupProfileInfo 680 - No active profile set, falling back to default profiles: default
2019-04-28 16:29:08,549 [main] INFO  o.s.b.w.s.c.AnnotationConfigServletWebServerApplicationContext.prepareRefresh 590 - Refreshing org.springframework.boot.web.servlet.context.AnnotationConfigServletWebServerApplicationContext@d35dea7: startup date [Sun Apr 28 16:29:08 CST 2019]; root of context hierarchy
2019-04-28 16:29:09,637 [main] INFO  o.s.d.r.c.RepositoryConfigurationDelegate.multipleStoresDetected 172 - Multiple Spring Data modules found, entering strict repository configuration mode!
2019-04-28 16:29:09,732 [main] INFO  o.s.d.r.c.RepositoryConfigurationDelegate.multipleStoresDetected 172 - Multiple Spring Data modules found, entering strict repository configuration mode!
2019-04-28 16:29:09,747 [main] INFO  o.s.d.r.c.RepositoryConfigurationExtensionSupport.isStrictRepositoryCandidate 291 - Spring Data Redis - Could not safely identify store assignment for repository candidate interface com.gwq.cnotf.repository.TsPfVarRepository.
2019-04-28 16:29:10,237 [main] INFO  o.s.c.s.PostProcessorRegistrationDelegate$BeanPostProcessorChecker.postProcessAfterInitialization 326 - Bean 'org.springframework.transaction.annotation.ProxyTransactionManagementConfiguration' of type [org.springframework.transaction.annotation.ProxyTransactionManagementConfiguration$$EnhancerBySpringCGLIB$$58c094] is not eligible for getting processed by all BeanPostProcessors (for example: not eligible for auto-proxying)
2019-04-28 16:29:10,276 [main] INFO  o.s.c.s.PostProcessorRegistrationDelegate$BeanPostProcessorChecker.postProcessAfterInitialization 326 - Bean 'org.springframework.hateoas.config.HateoasConfiguration' of type [org.springframework.hateoas.config.HateoasConfiguration$$EnhancerBySpringCGLIB$$7fd90dc6] is not eligible for getting processed by all BeanPostProcessors (for example: not eligible for auto-proxying)
2019-04-28 16:29:10,713 [main] INFO  o.s.b.w.e.tomcat.TomcatWebServer.initialize 91 - Tomcat initialized with port(s): 8083 (http)
2019-04-28 16:29:10,737 [main] INFO  o.a.catalina.core.StandardService.log 180 - Starting service [Tomcat]
2019-04-28 16:29:10,738 [main] INFO  o.a.catalina.core.StandardEngine.log 180 - Starting Servlet Engine: Apache Tomcat/8.5.34
2019-04-28 16:29:10,744 [localhost-startStop-1] INFO  o.a.c.core.AprLifecycleListener.log 180 - The APR based Apache Tomcat Native library which allows optimal performance in production environments was not found on the java.library.path: [E:\java\jdk1.8.0_101\bin;C:\WINDOWS\Sun\Java\bin;C:\WINDOWS\system32;C:\WINDOWS;E:\PLSQL\instantclient_11_2\bin;C:\Oracle11g\11g\bin;E:\java\jdk1.7.0_79\bin;E:\java\jdk1.7.0_79\jre1.8.0_101\bin;C:\ProgramData\Oracle\Java\javapath;C:\Program Files (x86)\Intel\iCLS Client\;C:\Program Files\Intel\iCLS Client\;C:\Windows\system32;C:\Windows;C:\Windows\System32\Wbem;C:\Windows\System32\WindowsPowerShell\v1.0\;C:\Program Files (x86)\NVIDIA Corporation\PhysX\Common;C:\Program Files (x86)\Intel\Intel(R) Management Engine Components\DAL;C:\Program Files\Intel\Intel(R) Management Engine Components\DAL;C:\Program Files (x86)\Intel\Intel(R) Management Engine Components\IPT;C:\Program Files\Intel\Intel(R) Management Engine Components\IPT;E:\PLSQL\instantclient_11_2;D:\Microsoft VS Code\bin;C:\WINDOWS\system32;C:\WINDOWS;C:\WINDOWS\System32\Wbem;C:\WINDOWS\System32\WindowsPowerShell\v1.0\;C:\WINDOWS\System32\OpenSSH\;C:\Program Files\Intel\WiFi\bin\;C:\Program Files\Common Files\Intel\WirelessCommon\;E:\apache-maven-3.3.9\bin;E:\Git\cmd;C:\Program Files (x86)\Calibre2\;E:\python\Scripts\;E:\python\;C:\Users\95649\AppData\Local\Microsoft\WindowsApps;c:\program files\esafenet\cobra docguard client;.]
2019-04-28 16:29:11,030 [localhost-startStop-1] INFO  org.apache.jasper.servlet.TldScanner.log 180 - At least one JAR was scanned for TLDs yet contained no TLDs. Enable debug logging for this logger for a complete list of JARs that were scanned but no TLDs were found in them. Skipping unneeded JARs during scanning can improve startup time and JSP compilation time.
2019-04-28 16:29:11,034 [localhost-startStop-1] INFO  o.a.c.c.C.[.[localhost].[/gwq].log 180 - Initializing Spring embedded WebApplicationContext
2019-04-28 16:29:11,034 [localhost-startStop-1] INFO  o.s.web.context.ContextLoader.prepareWebApplicationContext 285 - Root WebApplicationContext: initialization completed in 2485 ms
2019-04-28 16:29:11,118 [localhost-startStop-1] INFO  o.s.b.w.s.ServletRegistrationBean.addRegistration 187 - Servlet dispatcherServlet mapped to [/]
2019-04-28 16:29:11,125 [localhost-startStop-1] INFO  o.s.b.w.s.FilterRegistrationBean.configure 245 - Mapping filter: 'characterEncodingFilter' to: [/*]
2019-04-28 16:29:11,125 [localhost-startStop-1] INFO  o.s.b.w.s.FilterRegistrationBean.configure 245 - Mapping filter: 'hiddenHttpMethodFilter' to: [/*]
2019-04-28 16:29:11,125 [localhost-startStop-1] INFO  o.s.b.w.s.FilterRegistrationBean.configure 245 - Mapping filter: 'httpPutFormContentFilter' to: [/*]
2019-04-28 16:29:11,126 [localhost-startStop-1] INFO  o.s.b.w.s.FilterRegistrationBean.configure 245 - Mapping filter: 'requestContextFilter' to: [/*]
2019-04-28 16:29:11,371 [main] INFO  com.zaxxer.hikari.HikariDataSource.getConnection 110 - HikariPool-1 - Starting...
2019-04-28 16:29:11,484 [main] INFO  com.zaxxer.hikari.pool.PoolBase.getAndSetNetworkTimeout 516 - HikariPool-1 - Driver does not support get/set network timeout for connections. (oracle.jdbc.driver.T4CConnection.getNetworkTimeout()I)
2019-04-28 16:29:11,490 [main] INFO  com.zaxxer.hikari.HikariDataSource.getConnection 123 - HikariPool-1 - Start completed.
2019-04-28 16:29:11,558 [main] INFO  o.s.o.j.LocalContainerEntityManagerFactoryBean.createNativeEntityManagerFactory 361 - Building JPA container EntityManagerFactory for persistence unit 'default'
2019-04-28 16:29:11,579 [main] INFO  o.h.jpa.internal.util.LogHelper.logPersistenceUnitInformation 31 - HHH000204: Processing PersistenceUnitInfo [
	name: default
	...]
2019-04-28 16:29:11,697 [main] INFO  org.hibernate.Version.logVersion 45 - HHH000412: Hibernate Core {5.2.17.Final}
2019-04-28 16:29:11,701 [main] INFO  org.hibernate.cfg.Environment.<clinit> 213 - HHH000206: hibernate.properties not found
2019-04-28 16:29:11,765 [main] INFO  o.h.annotations.common.Version.<clinit> 66 - HCANN000001: Hibernate Commons Annotations {5.0.1.Final}
2019-04-28 16:29:11,936 [main] INFO  org.hibernate.dialect.Dialect.<init> 157 - HHH000400: Using dialect: org.hibernate.dialect.Oracle12cDialect
2019-04-28 16:29:13,068 [main] INFO  org.hibernate.type.BasicTypeRegistry.register 148 - HHH000270: Type registration [byte[]] overrides previous : org.hibernate.type.BinaryType@60c73e58
2019-04-28 16:29:13,069 [main] INFO  org.hibernate.type.BasicTypeRegistry.register 148 - HHH000270: Type registration [[B] overrides previous : org.hibernate.type.BinaryType@60c73e58
2019-04-28 16:29:13,070 [main] INFO  org.hibernate.type.BasicTypeRegistry.register 148 - HHH000270: Type registration [Byte[]] overrides previous : org.hibernate.type.WrapperBinaryType@23a918c7
2019-04-28 16:29:13,071 [main] INFO  org.hibernate.type.BasicTypeRegistry.register 148 - HHH000270: Type registration [[Ljava.lang.Byte;] overrides previous : org.hibernate.type.WrapperBinaryType@23a918c7
2019-04-28 16:29:13,181 [main] WARN  o.s.b.w.s.c.AnnotationConfigServletWebServerApplicationContext.refresh 558 - Exception encountered during context initialization - cancelling refresh attempt: org.springframework.beans.factory.BeanCreationException: Error creating bean with name 'entityManagerFactory' defined in class path resource [org/springframework/boot/autoconfigure/orm/jpa/HibernateJpaConfiguration.class]: Invocation of init method failed; nested exception is org.hibernate.AnnotationException: No identifier specified for entity: com.gwq.cnotf.entity.db1.TkAllsecEntity
2019-04-28 16:29:13,182 [main] INFO  com.zaxxer.hikari.HikariDataSource.close 381 - HikariPool-1 - Shutdown initiated...
2019-04-28 16:29:13,200 [main] INFO  com.zaxxer.hikari.HikariDataSource.close 383 - HikariPool-1 - Shutdown completed.
2019-04-28 16:29:13,202 [main] INFO  c.a.n.s.c.a.c.NacosValueAnnotationBeanPostProcessor.destroy 276 - class com.alibaba.nacos.spring.context.annotation.config.NacosValueAnnotationBeanPostProcessor was destroying!
2019-04-28 16:29:13,203 [main] INFO  c.a.n.s.b.f.a.AnnotationNacosInjectedBeanPostProcessor.destroy 276 - class com.alibaba.nacos.spring.beans.factory.annotation.AnnotationNacosInjectedBeanPostProcessor was destroying!
2019-04-28 16:29:13,205 [main] INFO  o.a.catalina.core.StandardService.log 180 - Stopping service [Tomcat]
2019-04-28 16:29:13,223 [main] INFO  o.s.b.a.l.ConditionEvaluationReportLoggingListener.logAutoConfigurationReport 101 - 

Error starting ApplicationContext. To display the conditions report re-run your application with 'debug' enabled.
2019-04-28 16:31:22,765 [main] INFO  com.gwq.cnotf.CnotfApplication.logStarting 50 - Starting CnotfApplication on LAPTOP-2QSFD9UF with PID 29216 (E:\idea_workspace\cnotf\target\classes started by cnotf in E:\idea_workspace\cnotf)
2019-04-28 16:31:22,772 [main] INFO  com.gwq.cnotf.CnotfApplication.logStartupProfileInfo 680 - No active profile set, falling back to default profiles: default
2019-04-28 16:31:22,940 [main] INFO  o.s.b.w.s.c.AnnotationConfigServletWebServerApplicationContext.prepareRefresh 590 - Refreshing org.springframework.boot.web.servlet.context.AnnotationConfigServletWebServerApplicationContext@7817fd62: startup date [Sun Apr 28 16:31:22 CST 2019]; root of context hierarchy
2019-04-28 16:31:23,872 [main] INFO  o.s.d.r.c.RepositoryConfigurationDelegate.multipleStoresDetected 172 - Multiple Spring Data modules found, entering strict repository configuration mode!
2019-04-28 16:31:23,937 [main] INFO  o.s.d.r.c.RepositoryConfigurationDelegate.multipleStoresDetected 172 - Multiple Spring Data modules found, entering strict repository configuration mode!
2019-04-28 16:31:23,952 [main] INFO  o.s.d.r.c.RepositoryConfigurationExtensionSupport.isStrictRepositoryCandidate 291 - Spring Data Redis - Could not safely identify store assignment for repository candidate interface com.gwq.cnotf.repository.TsPfVarRepository.
2019-04-28 16:31:24,438 [main] INFO  o.s.c.s.PostProcessorRegistrationDelegate$BeanPostProcessorChecker.postProcessAfterInitialization 326 - Bean 'org.springframework.transaction.annotation.ProxyTransactionManagementConfiguration' of type [org.springframework.transaction.annotation.ProxyTransactionManagementConfiguration$$EnhancerBySpringCGLIB$$e592d7a] is not eligible for getting processed by all BeanPostProcessors (for example: not eligible for auto-proxying)
2019-04-28 16:31:24,479 [main] INFO  o.s.c.s.PostProcessorRegistrationDelegate$BeanPostProcessorChecker.postProcessAfterInitialization 326 - Bean 'org.springframework.hateoas.config.HateoasConfiguration' of type [org.springframework.hateoas.config.HateoasConfiguration$$EnhancerBySpringCGLIB$$8dd97aac] is not eligible for getting processed by all BeanPostProcessors (for example: not eligible for auto-proxying)
2019-04-28 16:31:24,922 [main] INFO  o.s.b.w.e.tomcat.TomcatWebServer.initialize 91 - Tomcat initialized with port(s): 8083 (http)
2019-04-28 16:31:24,950 [main] INFO  o.a.catalina.core.StandardService.log 180 - Starting service [Tomcat]
2019-04-28 16:31:24,951 [main] INFO  o.a.catalina.core.StandardEngine.log 180 - Starting Servlet Engine: Apache Tomcat/8.5.34
2019-04-28 16:31:24,957 [localhost-startStop-1] INFO  o.a.c.core.AprLifecycleListener.log 180 - The APR based Apache Tomcat Native library which allows optimal performance in production environments was not found on the java.library.path: [E:\java\jdk1.8.0_101\bin;C:\WINDOWS\Sun\Java\bin;C:\WINDOWS\system32;C:\WINDOWS;E:\PLSQL\instantclient_11_2\bin;C:\Oracle11g\11g\bin;E:\java\jdk1.7.0_79\bin;E:\java\jdk1.7.0_79\jre1.8.0_101\bin;C:\ProgramData\Oracle\Java\javapath;C:\Program Files (x86)\Intel\iCLS Client\;C:\Program Files\Intel\iCLS Client\;C:\Windows\system32;C:\Windows;C:\Windows\System32\Wbem;C:\Windows\System32\WindowsPowerShell\v1.0\;C:\Program Files (x86)\NVIDIA Corporation\PhysX\Common;C:\Program Files (x86)\Intel\Intel(R) Management Engine Components\DAL;C:\Program Files\Intel\Intel(R) Management Engine Components\DAL;C:\Program Files (x86)\Intel\Intel(R) Management Engine Components\IPT;C:\Program Files\Intel\Intel(R) Management Engine Components\IPT;E:\PLSQL\instantclient_11_2;D:\Microsoft VS Code\bin;C:\WINDOWS\system32;C:\WINDOWS;C:\WINDOWS\System32\Wbem;C:\WINDOWS\System32\WindowsPowerShell\v1.0\;C:\WINDOWS\System32\OpenSSH\;C:\Program Files\Intel\WiFi\bin\;C:\Program Files\Common Files\Intel\WirelessCommon\;E:\apache-maven-3.3.9\bin;E:\Git\cmd;C:\Program Files (x86)\Calibre2\;E:\python\Scripts\;E:\python\;C:\Users\95649\AppData\Local\Microsoft\WindowsApps;c:\program files\esafenet\cobra docguard client;.]
2019-04-28 16:31:25,271 [localhost-startStop-1] INFO  org.apache.jasper.servlet.TldScanner.log 180 - At least one JAR was scanned for TLDs yet contained no TLDs. Enable debug logging for this logger for a complete list of JARs that were scanned but no TLDs were found in them. Skipping unneeded JARs during scanning can improve startup time and JSP compilation time.
2019-04-28 16:31:25,274 [localhost-startStop-1] INFO  o.a.c.c.C.[.[localhost].[/gwq].log 180 - Initializing Spring embedded WebApplicationContext
2019-04-28 16:31:25,274 [localhost-startStop-1] INFO  o.s.web.context.ContextLoader.prepareWebApplicationContext 285 - Root WebApplicationContext: initialization completed in 2334 ms
2019-04-28 16:31:25,341 [localhost-startStop-1] INFO  o.s.b.w.s.ServletRegistrationBean.addRegistration 187 - Servlet dispatcherServlet mapped to [/]
2019-04-28 16:31:25,349 [localhost-startStop-1] INFO  o.s.b.w.s.FilterRegistrationBean.configure 245 - Mapping filter: 'characterEncodingFilter' to: [/*]
2019-04-28 16:31:25,349 [localhost-startStop-1] INFO  o.s.b.w.s.FilterRegistrationBean.configure 245 - Mapping filter: 'hiddenHttpMethodFilter' to: [/*]
2019-04-28 16:31:25,350 [localhost-startStop-1] INFO  o.s.b.w.s.FilterRegistrationBean.configure 245 - Mapping filter: 'httpPutFormContentFilter' to: [/*]
2019-04-28 16:31:25,350 [localhost-startStop-1] INFO  o.s.b.w.s.FilterRegistrationBean.configure 245 - Mapping filter: 'requestContextFilter' to: [/*]
2019-04-28 16:31:25,611 [main] INFO  com.zaxxer.hikari.HikariDataSource.getConnection 110 - HikariPool-1 - Starting...
2019-04-28 16:31:25,708 [main] INFO  com.zaxxer.hikari.pool.PoolBase.getAndSetNetworkTimeout 516 - HikariPool-1 - Driver does not support get/set network timeout for connections. (oracle.jdbc.driver.T4CConnection.getNetworkTimeout()I)
2019-04-28 16:31:25,710 [main] INFO  com.zaxxer.hikari.HikariDataSource.getConnection 123 - HikariPool-1 - Start completed.
2019-04-28 16:31:25,758 [main] INFO  o.s.o.j.LocalContainerEntityManagerFactoryBean.createNativeEntityManagerFactory 361 - Building JPA container EntityManagerFactory for persistence unit 'default'
2019-04-28 16:31:25,769 [main] INFO  o.h.jpa.internal.util.LogHelper.logPersistenceUnitInformation 31 - HHH000204: Processing PersistenceUnitInfo [
	name: default
	...]
2019-04-28 16:31:25,836 [main] INFO  org.hibernate.Version.logVersion 45 - HHH000412: Hibernate Core {5.2.17.Final}
2019-04-28 16:31:25,839 [main] INFO  org.hibernate.cfg.Environment.<clinit> 213 - HHH000206: hibernate.properties not found
2019-04-28 16:31:25,874 [main] INFO  o.h.annotations.common.Version.<clinit> 66 - HCANN000001: Hibernate Commons Annotations {5.0.1.Final}
2019-04-28 16:31:26,021 [main] INFO  org.hibernate.dialect.Dialect.<init> 157 - HHH000400: Using dialect: org.hibernate.dialect.Oracle12cDialect
2019-04-28 16:31:26,141 [main] INFO  org.hibernate.type.BasicTypeRegistry.register 148 - HHH000270: Type registration [byte[]] overrides previous : org.hibernate.type.BinaryType@49f40c00
2019-04-28 16:31:26,141 [main] INFO  org.hibernate.type.BasicTypeRegistry.register 148 - HHH000270: Type registration [[B] overrides previous : org.hibernate.type.BinaryType@49f40c00
2019-04-28 16:31:26,142 [main] INFO  org.hibernate.type.BasicTypeRegistry.register 148 - HHH000270: Type registration [Byte[]] overrides previous : org.hibernate.type.WrapperBinaryType@4667c4c1
2019-04-28 16:31:26,143 [main] INFO  org.hibernate.type.BasicTypeRegistry.register 148 - HHH000270: Type registration [[Ljava.lang.Byte;] overrides previous : org.hibernate.type.WrapperBinaryType@4667c4c1
2019-04-28 16:31:26,527 [main] INFO  o.s.o.j.LocalContainerEntityManagerFactoryBean.buildNativeEntityManagerFactory 415 - Initialized JPA EntityManagerFactory for persistence unit 'default'
2019-04-28 16:31:29,703 [main] INFO  o.s.w.s.h.SimpleUrlHandlerMapping.registerHandler 373 - Mapped URL path [/**/favicon.ico] onto handler of type [class org.springframework.web.servlet.resource.ResourceHttpRequestHandler]
2019-04-28 16:31:29,906 [main] INFO  o.s.w.s.m.m.a.RequestMappingHandlerAdapter.initControllerAdviceCache 588 - Looking for @ControllerAdvice: org.springframework.boot.web.servlet.context.AnnotationConfigServletWebServerApplicationContext@7817fd62: startup date [Sun Apr 28 16:31:22 CST 2019]; root of context hierarchy
2019-04-28 16:31:29,957 [main] WARN  o.s.b.a.o.j.JpaBaseConfiguration$JpaWebConfiguration$JpaWebMvcConfiguration.openEntityManagerInViewInterceptor 237 - spring.jpa.open-in-view is enabled by default. Therefore, database queries may be performed during view rendering. Explicitly configure spring.jpa.open-in-view to disable this warning
2019-04-28 16:31:29,994 [main] INFO  o.s.w.s.m.m.a.RequestMappingHandlerMapping.register 549 - Mapped "{[/config/get],methods=[GET]}" onto public boolean com.gwq.cnotf.controller.ConfigController.get()
2019-04-28 16:31:29,998 [main] INFO  o.s.w.s.m.m.a.RequestMappingHandlerMapping.register 549 - Mapped "{[/config/getdiscovery],methods=[GET]}" onto public java.util.List<com.alibaba.nacos.api.naming.pojo.Instance> com.gwq.cnotf.controller.ConfigController.get(java.lang.String) throws com.alibaba.nacos.api.exception.NacosException
2019-04-28 16:31:30,001 [main] INFO  o.s.w.s.m.m.a.RequestMappingHandlerMapping.register 549 - Mapped "{[/hello/view],methods=[GET]}" onto public java.util.List<com.gwq.cnotf.entity.TsPfVarEntity> com.gwq.cnotf.controller.HelloController.getValue()
2019-04-28 16:31:30,003 [main] INFO  o.s.w.s.m.m.a.RequestMappingHandlerMapping.register 549 - Mapped "{[/hello/view1],methods=[GET]}" onto public java.lang.String com.gwq.cnotf.controller.HelloController.getValue1(java.lang.String)
2019-04-28 16:31:30,003 [main] INFO  o.s.w.s.m.m.a.RequestMappingHandlerMapping.register 549 - Mapped "{[/hello/aaa],methods=[POST]}" onto public java.lang.String com.gwq.cnotf.controller.HelloController.getValue2()
2019-04-28 16:31:30,005 [main] INFO  o.s.w.s.m.m.a.RequestMappingHandlerMapping.register 549 - Mapped "{[/error]}" onto public org.springframework.http.ResponseEntity<java.util.Map<java.lang.String, java.lang.Object>> org.springframework.boot.autoconfigure.web.servlet.error.BasicErrorController.error(javax.servlet.http.HttpServletRequest)
2019-04-28 16:31:30,005 [main] INFO  o.s.w.s.m.m.a.RequestMappingHandlerMapping.register 549 - Mapped "{[/error],produces=[text/html]}" onto public org.springframework.web.servlet.ModelAndView org.springframework.boot.autoconfigure.web.servlet.error.BasicErrorController.errorHtml(javax.servlet.http.HttpServletRequest,javax.servlet.http.HttpServletResponse)
2019-04-28 16:31:30,071 [main] INFO  o.s.w.s.h.SimpleUrlHandlerMapping.registerHandler 373 - Mapped URL path [/webjars/**] onto handler of type [class org.springframework.web.servlet.resource.ResourceHttpRequestHandler]
2019-04-28 16:31:30,072 [main] INFO  o.s.w.s.h.SimpleUrlHandlerMapping.registerHandler 373 - Mapped URL path [/**] onto handler of type [class org.springframework.web.servlet.resource.ResourceHttpRequestHandler]
2019-04-28 16:31:30,085 [main] INFO  o.s.w.s.m.m.a.ExceptionHandlerExceptionResolver.initExceptionHandlerAdviceCache 288 - Detected @ExceptionHandler methods in repositoryRestExceptionHandler
2019-04-28 16:31:30,561 [main] INFO  o.s.d.r.w.RepositoryRestHandlerAdapter.initControllerAdviceCache 588 - Looking for @ControllerAdvice: org.springframework.boot.web.servlet.context.AnnotationConfigServletWebServerApplicationContext@7817fd62: startup date [Sun Apr 28 16:31:22 CST 2019]; root of context hierarchy
2019-04-28 16:31:30,578 [main] INFO  o.s.d.r.w.RepositoryRestHandlerMapping.register 549 - Mapped "{[/{repository}/{id}],methods=[PUT],produces=[application/hal+json || application/json]}" onto public org.springframework.http.ResponseEntity<? extends org.springframework.hateoas.ResourceSupport> org.springframework.data.rest.webmvc.RepositoryEntityController.putItemResource(org.springframework.data.rest.webmvc.RootResourceInformation,org.springframework.data.rest.webmvc.PersistentEntityResource,java.io.Serializable,org.springframework.data.rest.webmvc.PersistentEntityResourceAssembler,org.springframework.data.rest.webmvc.support.ETag,java.lang.String) throws org.springframework.web.HttpRequestMethodNotSupportedException
2019-04-28 16:31:30,579 [main] INFO  o.s.d.r.w.RepositoryRestHandlerMapping.register 549 - Mapped "{[/{repository}/{id}],methods=[GET],produces=[application/hal+json || application/json]}" onto public org.springframework.http.ResponseEntity<org.springframework.hateoas.Resource<?>> org.springframework.data.rest.webmvc.RepositoryEntityController.getItemResource(org.springframework.data.rest.webmvc.RootResourceInformation,java.io.Serializable,org.springframework.data.rest.webmvc.PersistentEntityResourceAssembler,org.springframework.http.HttpHeaders) throws org.springframework.web.HttpRequestMethodNotSupportedException
2019-04-28 16:31:30,580 [main] INFO  o.s.d.r.w.RepositoryRestHandlerMapping.register 549 - Mapped "{[/{repository}],methods=[GET],produces=[application/hal+json || application/json]}" onto public org.springframework.hateoas.Resources<?> org.springframework.data.rest.webmvc.RepositoryEntityController.getCollectionResource(org.springframework.data.rest.webmvc.RootResourceInformation,org.springframework.data.rest.webmvc.support.DefaultedPageable,org.springframework.data.domain.Sort,org.springframework.data.rest.webmvc.PersistentEntityResourceAssembler) throws org.springframework.data.rest.webmvc.ResourceNotFoundException,org.springframework.web.HttpRequestMethodNotSupportedException
2019-04-28 16:31:30,581 [main] INFO  o.s.d.r.w.RepositoryRestHandlerMapping.register 549 - Mapped "{[/{repository}],methods=[GET],produces=[application/x-spring-data-compact+json || text/uri-list]}" onto public org.springframework.hateoas.Resources<?> org.springframework.data.rest.webmvc.RepositoryEntityController.getCollectionResourceCompact(org.springframework.data.rest.webmvc.RootResourceInformation,org.springframework.data.rest.webmvc.support.DefaultedPageable,org.springframework.data.domain.Sort,org.springframework.data.rest.webmvc.PersistentEntityResourceAssembler) throws org.springframework.data.rest.webmvc.ResourceNotFoundException,org.springframework.web.HttpRequestMethodNotSupportedException
2019-04-28 16:31:30,582 [main] INFO  o.s.d.r.w.RepositoryRestHandlerMapping.register 549 - Mapped "{[/{repository}],methods=[OPTIONS],produces=[application/hal+json || application/json]}" onto public org.springframework.http.ResponseEntity<?> org.springframework.data.rest.webmvc.RepositoryEntityController.optionsForCollectionResource(org.springframework.data.rest.webmvc.RootResourceInformation)
2019-04-28 16:31:30,582 [main] INFO  o.s.d.r.w.RepositoryRestHandlerMapping.register 549 - Mapped "{[/{repository}],methods=[HEAD],produces=[application/hal+json || application/json]}" onto public org.springframework.http.ResponseEntity<?> org.springframework.data.rest.webmvc.RepositoryEntityController.headCollectionResource(org.springframework.data.rest.webmvc.RootResourceInformation,org.springframework.data.rest.webmvc.support.DefaultedPageable) throws org.springframework.web.HttpRequestMethodNotSupportedException
2019-04-28 16:31:30,582 [main] INFO  o.s.d.r.w.RepositoryRestHandlerMapping.register 549 - Mapped "{[/{repository}/{id}],methods=[HEAD],produces=[application/hal+json || application/json]}" onto public org.springframework.http.ResponseEntity<?> org.springframework.data.rest.webmvc.RepositoryEntityController.headForItemResource(org.springframework.data.rest.webmvc.RootResourceInformation,java.io.Serializable,org.springframework.data.rest.webmvc.PersistentEntityResourceAssembler) throws org.springframework.web.HttpRequestMethodNotSupportedException
2019-04-28 16:31:30,583 [main] INFO  o.s.d.r.w.RepositoryRestHandlerMapping.register 549 - Mapped "{[/{repository}],methods=[POST],produces=[application/hal+json || application/json]}" onto public org.springframework.http.ResponseEntity<org.springframework.hateoas.ResourceSupport> org.springframework.data.rest.webmvc.RepositoryEntityController.postCollectionResource(org.springframework.data.rest.webmvc.RootResourceInformation,org.springframework.data.rest.webmvc.PersistentEntityResource,org.springframework.data.rest.webmvc.PersistentEntityResourceAssembler,java.lang.String) throws org.springframework.web.HttpRequestMethodNotSupportedException
2019-04-28 16:31:30,584 [main] INFO  o.s.d.r.w.RepositoryRestHandlerMapping.register 549 - Mapped "{[/{repository}/{id}],methods=[DELETE],produces=[application/hal+json || application/json]}" onto public org.springframework.http.ResponseEntity<?> org.springframework.data.rest.webmvc.RepositoryEntityController.deleteItemResource(org.springframework.data.rest.webmvc.RootResourceInformation,java.io.Serializable,org.springframework.data.rest.webmvc.support.ETag) throws org.springframework.data.rest.webmvc.ResourceNotFoundException,org.springframework.web.HttpRequestMethodNotSupportedException
2019-04-28 16:31:30,585 [main] INFO  o.s.d.r.w.RepositoryRestHandlerMapping.register 549 - Mapped "{[/{repository}/{id}],methods=[OPTIONS],produces=[application/hal+json || application/json]}" onto public org.springframework.http.ResponseEntity<?> org.springframework.data.rest.webmvc.RepositoryEntityController.optionsForItemResource(org.springframework.data.rest.webmvc.RootResourceInformation)
2019-04-28 16:31:30,585 [main] INFO  o.s.d.r.w.RepositoryRestHandlerMapping.register 549 - Mapped "{[/{repository}/{id}],methods=[PATCH],produces=[application/hal+json || application/json]}" onto public org.springframework.http.ResponseEntity<org.springframework.hateoas.ResourceSupport> org.springframework.data.rest.webmvc.RepositoryEntityController.patchItemResource(org.springframework.data.rest.webmvc.RootResourceInformation,org.springframework.data.rest.webmvc.PersistentEntityResource,java.io.Serializable,org.springframework.data.rest.webmvc.PersistentEntityResourceAssembler,org.springframework.data.rest.webmvc.support.ETag,java.lang.String) throws org.springframework.web.HttpRequestMethodNotSupportedException,org.springframework.data.rest.webmvc.ResourceNotFoundException
2019-04-28 16:31:30,587 [main] INFO  o.s.d.r.w.RepositoryRestHandlerMapping.register 549 - Mapped "{[/{repository}/{id}/{property}],methods=[PATCH || PUT || POST],consumes=[application/json || application/x-spring-data-compact+json || text/uri-list],produces=[application/hal+json || application/json]}" onto public org.springframework.http.ResponseEntity<? extends org.springframework.hateoas.ResourceSupport> org.springframework.data.rest.webmvc.RepositoryPropertyReferenceController.createPropertyReference(org.springframework.data.rest.webmvc.RootResourceInformation,org.springframework.http.HttpMethod,org.springframework.hateoas.Resources<java.lang.Object>,java.io.Serializable,java.lang.String) throws java.lang.Exception
2019-04-28 16:31:30,587 [main] INFO  o.s.d.r.w.RepositoryRestHandlerMapping.register 549 - Mapped "{[/{repository}/{id}/{property}/{propertyId}],methods=[GET],produces=[application/hal+json || application/json]}" onto public org.springframework.http.ResponseEntity<org.springframework.hateoas.ResourceSupport> org.springframework.data.rest.webmvc.RepositoryPropertyReferenceController.followPropertyReference(org.springframework.data.rest.webmvc.RootResourceInformation,java.io.Serializable,java.lang.String,java.lang.String,org.springframework.data.rest.webmvc.PersistentEntityResourceAssembler) throws java.lang.Exception
2019-04-28 16:31:30,588 [main] INFO  o.s.d.r.w.RepositoryRestHandlerMapping.register 549 - Mapped "{[/{repository}/{id}/{property}],methods=[GET],produces=[application/hal+json || application/json]}" onto public org.springframework.http.ResponseEntity<org.springframework.hateoas.ResourceSupport> org.springframework.data.rest.webmvc.RepositoryPropertyReferenceController.followPropertyReference(org.springframework.data.rest.webmvc.RootResourceInformation,java.io.Serializable,java.lang.String,org.springframework.data.rest.webmvc.PersistentEntityResourceAssembler) throws java.lang.Exception
2019-04-28 16:31:30,588 [main] INFO  o.s.d.r.w.RepositoryRestHandlerMapping.register 549 - Mapped "{[/{repository}/{id}/{property}/{propertyId}],methods=[DELETE],produces=[application/hal+json || application/json]}" onto public org.springframework.http.ResponseEntity<org.springframework.hateoas.ResourceSupport> org.springframework.data.rest.webmvc.RepositoryPropertyReferenceController.deletePropertyReferenceId(org.springframework.data.rest.webmvc.RootResourceInformation,java.io.Serializable,java.lang.String,java.lang.String) throws java.lang.Exception
2019-04-28 16:31:30,588 [main] INFO  o.s.d.r.w.RepositoryRestHandlerMapping.register 549 - Mapped "{[/{repository}/{id}/{property}],methods=[DELETE],produces=[application/hal+json || application/json]}" onto public org.springframework.http.ResponseEntity<? extends org.springframework.hateoas.ResourceSupport> org.springframework.data.rest.webmvc.RepositoryPropertyReferenceController.deletePropertyReference(org.springframework.data.rest.webmvc.RootResourceInformation,java.io.Serializable,java.lang.String) throws java.lang.Exception
2019-04-28 16:31:30,589 [main] INFO  o.s.d.r.w.RepositoryRestHandlerMapping.register 549 - Mapped "{[/{repository}/{id}/{property}],methods=[GET],produces=[application/x-spring-data-compact+json || text/uri-list]}" onto public org.springframework.http.ResponseEntity<org.springframework.hateoas.ResourceSupport> org.springframework.data.rest.webmvc.RepositoryPropertyReferenceController.followPropertyReferenceCompact(org.springframework.data.rest.webmvc.RootResourceInformation,java.io.Serializable,java.lang.String,org.springframework.data.rest.webmvc.PersistentEntityResourceAssembler) throws java.lang.Exception
2019-04-28 16:31:30,591 [main] INFO  o.s.d.r.w.RepositoryRestHandlerMapping.register 549 - Mapped "{[/{repository}/search],methods=[GET],produces=[application/hal+json || application/json]}" onto public org.springframework.data.rest.webmvc.RepositorySearchesResource org.springframework.data.rest.webmvc.RepositorySearchController.listSearches(org.springframework.data.rest.webmvc.RootResourceInformation)
2019-04-28 16:31:30,592 [main] INFO  o.s.d.r.w.RepositoryRestHandlerMapping.register 549 - Mapped "{[/{repository}/search/{search}],methods=[HEAD],produces=[application/hal+json || application/json]}" onto public org.springframework.http.ResponseEntity<java.lang.Object> org.springframework.data.rest.webmvc.RepositorySearchController.headForSearch(org.springframework.data.rest.webmvc.RootResourceInformation,java.lang.String)
2019-04-28 16:31:30,593 [main] INFO  o.s.d.r.w.RepositoryRestHandlerMapping.register 549 - Mapped "{[/{repository}/search/{search}],methods=[GET],produces=[application/hal+json || application/json]}" onto public org.springframework.http.ResponseEntity<?> org.springframework.data.rest.webmvc.RepositorySearchController.executeSearch(org.springframework.data.rest.webmvc.RootResourceInformation,org.springframework.util.MultiValueMap<java.lang.String, java.lang.Object>,java.lang.String,org.springframework.data.rest.webmvc.support.DefaultedPageable,org.springframework.data.domain.Sort,org.springframework.data.rest.webmvc.PersistentEntityResourceAssembler,org.springframework.http.HttpHeaders)
2019-04-28 16:31:30,594 [main] INFO  o.s.d.r.w.RepositoryRestHandlerMapping.register 549 - Mapped "{[/{repository}/search],methods=[HEAD],produces=[application/hal+json || application/json]}" onto public org.springframework.http.HttpEntity<?> org.springframework.data.rest.webmvc.RepositorySearchController.headForSearches(org.springframework.data.rest.webmvc.RootResourceInformation)
2019-04-28 16:31:30,594 [main] INFO  o.s.d.r.w.RepositoryRestHandlerMapping.register 549 - Mapped "{[/{repository}/search/{search}],methods=[OPTIONS],produces=[application/hal+json || application/json]}" onto public org.springframework.http.ResponseEntity<java.lang.Object> org.springframework.data.rest.webmvc.RepositorySearchController.optionsForSearch(org.springframework.data.rest.webmvc.RootResourceInformation,java.lang.String)
2019-04-28 16:31:30,595 [main] INFO  o.s.d.r.w.RepositoryRestHandlerMapping.register 549 - Mapped "{[/{repository}/search/{search}],methods=[GET],produces=[application/x-spring-data-compact+json]}" onto public org.springframework.hateoas.ResourceSupport org.springframework.data.rest.webmvc.RepositorySearchController.executeSearchCompact(org.springframework.data.rest.webmvc.RootResourceInformation,org.springframework.http.HttpHeaders,org.springframework.util.MultiValueMap<java.lang.String, java.lang.Object>,java.lang.String,java.lang.String,org.springframework.data.rest.webmvc.support.DefaultedPageable,org.springframework.data.domain.Sort,org.springframework.data.rest.webmvc.PersistentEntityResourceAssembler)
2019-04-28 16:31:30,596 [main] INFO  o.s.d.r.w.RepositoryRestHandlerMapping.register 549 - Mapped "{[/{repository}/search],methods=[OPTIONS],produces=[application/hal+json || application/json]}" onto public org.springframework.http.HttpEntity<?> org.springframework.data.rest.webmvc.RepositorySearchController.optionsForSearches(org.springframework.data.rest.webmvc.RootResourceInformation)
2019-04-28 16:31:30,596 [main] INFO  o.s.d.r.w.RepositoryRestHandlerMapping.register 549 - Mapped "{[/ || ],methods=[GET],produces=[application/hal+json || application/json]}" onto public org.springframework.http.HttpEntity<org.springframework.data.rest.webmvc.RepositoryLinksResource> org.springframework.data.rest.webmvc.RepositoryController.listRepositories()
2019-04-28 16:31:30,597 [main] INFO  o.s.d.r.w.RepositoryRestHandlerMapping.register 549 - Mapped "{[/ || ],methods=[HEAD],produces=[application/hal+json || application/json]}" onto public org.springframework.http.ResponseEntity<?> org.springframework.data.rest.webmvc.RepositoryController.headForRepositories()
2019-04-28 16:31:30,597 [main] INFO  o.s.d.r.w.RepositoryRestHandlerMapping.register 549 - Mapped "{[/ || ],methods=[OPTIONS],produces=[application/hal+json || application/json]}" onto public org.springframework.http.HttpEntity<?> org.springframework.data.rest.webmvc.RepositoryController.optionsForRepositories()
2019-04-28 16:31:30,603 [main] INFO  o.s.d.r.w.BasePathAwareHandlerMapping.register 549 - Mapped "{[/profile],methods=[OPTIONS]}" onto public org.springframework.http.HttpEntity<?> org.springframework.data.rest.webmvc.ProfileController.profileOptions()
2019-04-28 16:31:30,603 [main] INFO  o.s.d.r.w.BasePathAwareHandlerMapping.register 549 - Mapped "{[/profile],methods=[GET]}" onto org.springframework.http.HttpEntity<org.springframework.hateoas.ResourceSupport> org.springframework.data.rest.webmvc.ProfileController.listAllFormsOfMetadata()
2019-04-28 16:31:30,604 [main] INFO  o.s.d.r.w.BasePathAwareHandlerMapping.register 549 - Mapped "{[/profile/{repository}],methods=[GET],produces=[application/schema+json]}" onto public org.springframework.http.HttpEntity<org.springframework.data.rest.webmvc.json.JsonSchema> org.springframework.data.rest.webmvc.RepositorySchemaController.schema(org.springframework.data.rest.webmvc.RootResourceInformation)
2019-04-28 16:31:30,604 [main] INFO  o.s.d.r.w.BasePathAwareHandlerMapping.register 549 - Mapped "{[/profile/{repository}],methods=[GET],produces=[application/alps+json || */*]}" onto org.springframework.http.HttpEntity<org.springframework.data.rest.webmvc.RootResourceInformation> org.springframework.data.rest.webmvc.alps.AlpsController.descriptor(org.springframework.data.rest.webmvc.RootResourceInformation)
2019-04-28 16:31:30,604 [main] INFO  o.s.d.r.w.BasePathAwareHandlerMapping.register 549 - Mapped "{[/profile/{repository}],methods=[OPTIONS],produces=[application/alps+json]}" onto org.springframework.http.HttpEntity<?> org.springframework.data.rest.webmvc.alps.AlpsController.alpsOptions()
2019-04-28 16:31:30,741 [main] INFO  o.s.j.e.a.AnnotationMBeanExporter.afterSingletonsInstantiated 433 - Registering beans for JMX exposure on startup
2019-04-28 16:31:30,743 [main] INFO  o.s.j.e.a.AnnotationMBeanExporter.autodetect 895 - Bean with name 'dataSource' has been autodetected for JMX exposure
2019-04-28 16:31:30,749 [main] INFO  o.s.j.e.a.AnnotationMBeanExporter.registerBeanInstance 668 - Located MBean 'dataSource': registering with JMX server as MBean [com.zaxxer.hikari:name=dataSource,type=HikariDataSource]
2019-04-28 16:31:30,820 [main] INFO  o.s.b.w.e.tomcat.TomcatWebServer.start 206 - Tomcat started on port(s): 8083 (http) with context path '/gwq'
2019-04-28 16:31:30,825 [main] INFO  com.gwq.cnotf.CnotfApplication.logStarted 59 - Started CnotfApplication in 8.955 seconds (JVM running for 10.134)
2019-04-28 16:32:32,237 [main] INFO  com.gwq.cnotf.CnotfApplication.logStarting 50 - Starting CnotfApplication on LAPTOP-2QSFD9UF with PID 31000 (E:\idea_workspace\cnotf\target\classes started by cnotf in E:\idea_workspace\cnotf)
2019-04-28 16:32:32,243 [main] INFO  com.gwq.cnotf.CnotfApplication.logStartupProfileInfo 680 - No active profile set, falling back to default profiles: default
2019-04-28 16:32:32,352 [main] INFO  o.s.b.w.s.c.AnnotationConfigServletWebServerApplicationContext.prepareRefresh 590 - Refreshing org.springframework.boot.web.servlet.context.AnnotationConfigServletWebServerApplicationContext@71e9ddb4: startup date [Sun Apr 28 16:32:32 CST 2019]; root of context hierarchy
2019-04-28 16:32:33,493 [main] INFO  o.s.d.r.c.RepositoryConfigurationDelegate.multipleStoresDetected 172 - Multiple Spring Data modules found, entering strict repository configuration mode!
2019-04-28 16:32:33,582 [main] INFO  o.s.d.r.c.RepositoryConfigurationDelegate.multipleStoresDetected 172 - Multiple Spring Data modules found, entering strict repository configuration mode!
2019-04-28 16:32:33,601 [main] INFO  o.s.d.r.c.RepositoryConfigurationExtensionSupport.isStrictRepositoryCandidate 291 - Spring Data Redis - Could not safely identify store assignment for repository candidate interface com.gwq.cnotf.repository.TsPfVarRepository.
2019-04-28 16:32:34,195 [main] INFO  o.s.c.s.PostProcessorRegistrationDelegate$BeanPostProcessorChecker.postProcessAfterInitialization 326 - Bean 'org.springframework.transaction.annotation.ProxyTransactionManagementConfiguration' of type [org.springframework.transaction.annotation.ProxyTransactionManagementConfiguration$$EnhancerBySpringCGLIB$$796ef487] is not eligible for getting processed by all BeanPostProcessors (for example: not eligible for auto-proxying)
2019-04-28 16:32:34,247 [main] INFO  o.s.c.s.PostProcessorRegistrationDelegate$BeanPostProcessorChecker.postProcessAfterInitialization 326 - Bean 'org.springframework.hateoas.config.HateoasConfiguration' of type [org.springframework.hateoas.config.HateoasConfiguration$$EnhancerBySpringCGLIB$$f8ef41b9] is not eligible for getting processed by all BeanPostProcessors (for example: not eligible for auto-proxying)
2019-04-28 16:32:34,796 [main] INFO  o.s.b.w.e.tomcat.TomcatWebServer.initialize 91 - Tomcat initialized with port(s): 8083 (http)
2019-04-28 16:32:34,827 [main] INFO  o.a.catalina.core.StandardService.log 180 - Starting service [Tomcat]
2019-04-28 16:32:34,828 [main] INFO  o.a.catalina.core.StandardEngine.log 180 - Starting Servlet Engine: Apache Tomcat/8.5.34
2019-04-28 16:32:34,836 [localhost-startStop-1] INFO  o.a.c.core.AprLifecycleListener.log 180 - The APR based Apache Tomcat Native library which allows optimal performance in production environments was not found on the java.library.path: [E:\java\jdk1.8.0_101\bin;C:\WINDOWS\Sun\Java\bin;C:\WINDOWS\system32;C:\WINDOWS;E:\PLSQL\instantclient_11_2\bin;C:\Oracle11g\11g\bin;E:\java\jdk1.7.0_79\bin;E:\java\jdk1.7.0_79\jre1.8.0_101\bin;C:\ProgramData\Oracle\Java\javapath;C:\Program Files (x86)\Intel\iCLS Client\;C:\Program Files\Intel\iCLS Client\;C:\Windows\system32;C:\Windows;C:\Windows\System32\Wbem;C:\Windows\System32\WindowsPowerShell\v1.0\;C:\Program Files (x86)\NVIDIA Corporation\PhysX\Common;C:\Program Files (x86)\Intel\Intel(R) Management Engine Components\DAL;C:\Program Files\Intel\Intel(R) Management Engine Components\DAL;C:\Program Files (x86)\Intel\Intel(R) Management Engine Components\IPT;C:\Program Files\Intel\Intel(R) Management Engine Components\IPT;E:\PLSQL\instantclient_11_2;D:\Microsoft VS Code\bin;C:\WINDOWS\system32;C:\WINDOWS;C:\WINDOWS\System32\Wbem;C:\WINDOWS\System32\WindowsPowerShell\v1.0\;C:\WINDOWS\System32\OpenSSH\;C:\Program Files\Intel\WiFi\bin\;C:\Program Files\Common Files\Intel\WirelessCommon\;E:\apache-maven-3.3.9\bin;E:\Git\cmd;C:\Program Files (x86)\Calibre2\;E:\python\Scripts\;E:\python\;C:\Users\95649\AppData\Local\Microsoft\WindowsApps;c:\program files\esafenet\cobra docguard client;.]
2019-04-28 16:32:35,246 [localhost-startStop-1] INFO  org.apache.jasper.servlet.TldScanner.log 180 - At least one JAR was scanned for TLDs yet contained no TLDs. Enable debug logging for this logger for a complete list of JARs that were scanned but no TLDs were found in them. Skipping unneeded JARs during scanning can improve startup time and JSP compilation time.
2019-04-28 16:32:35,251 [localhost-startStop-1] INFO  o.a.c.c.C.[.[localhost].[/gwq].log 180 - Initializing Spring embedded WebApplicationContext
2019-04-28 16:32:35,252 [localhost-startStop-1] INFO  o.s.web.context.ContextLoader.prepareWebApplicationContext 285 - Root WebApplicationContext: initialization completed in 2900 ms
2019-04-28 16:32:35,344 [localhost-startStop-1] INFO  o.s.b.w.s.ServletRegistrationBean.addRegistration 187 - Servlet dispatcherServlet mapped to [/]
2019-04-28 16:32:35,350 [localhost-startStop-1] INFO  o.s.b.w.s.FilterRegistrationBean.configure 245 - Mapping filter: 'characterEncodingFilter' to: [/*]
2019-04-28 16:32:35,351 [localhost-startStop-1] INFO  o.s.b.w.s.FilterRegistrationBean.configure 245 - Mapping filter: 'hiddenHttpMethodFilter' to: [/*]
2019-04-28 16:32:35,352 [localhost-startStop-1] INFO  o.s.b.w.s.FilterRegistrationBean.configure 245 - Mapping filter: 'httpPutFormContentFilter' to: [/*]
2019-04-28 16:32:35,352 [localhost-startStop-1] INFO  o.s.b.w.s.FilterRegistrationBean.configure 245 - Mapping filter: 'requestContextFilter' to: [/*]
2019-04-28 16:32:35,664 [main] INFO  com.zaxxer.hikari.HikariDataSource.getConnection 110 - HikariPool-1 - Starting...
2019-04-28 16:32:35,784 [main] INFO  com.zaxxer.hikari.pool.PoolBase.getAndSetNetworkTimeout 516 - HikariPool-1 - Driver does not support get/set network timeout for connections. (oracle.jdbc.driver.T4CConnection.getNetworkTimeout()I)
2019-04-28 16:32:35,789 [main] INFO  com.zaxxer.hikari.HikariDataSource.getConnection 123 - HikariPool-1 - Start completed.
2019-04-28 16:32:35,848 [main] INFO  o.s.o.j.LocalContainerEntityManagerFactoryBean.createNativeEntityManagerFactory 361 - Building JPA container EntityManagerFactory for persistence unit 'default'
2019-04-28 16:32:35,866 [main] INFO  o.h.jpa.internal.util.LogHelper.logPersistenceUnitInformation 31 - HHH000204: Processing PersistenceUnitInfo [
	name: default
	...]
2019-04-28 16:32:35,955 [main] INFO  org.hibernate.Version.logVersion 45 - HHH000412: Hibernate Core {5.2.17.Final}
2019-04-28 16:32:35,958 [main] INFO  org.hibernate.cfg.Environment.<clinit> 213 - HHH000206: hibernate.properties not found
2019-04-28 16:32:36,015 [main] INFO  o.h.annotations.common.Version.<clinit> 66 - HCANN000001: Hibernate Commons Annotations {5.0.1.Final}
2019-04-28 16:32:36,184 [main] INFO  org.hibernate.dialect.Dialect.<init> 157 - HHH000400: Using dialect: org.hibernate.dialect.Oracle12cDialect
2019-04-28 16:32:36,321 [main] INFO  org.hibernate.type.BasicTypeRegistry.register 148 - HHH000270: Type registration [byte[]] overrides previous : org.hibernate.type.BinaryType@633cc6b5
2019-04-28 16:32:36,322 [main] INFO  org.hibernate.type.BasicTypeRegistry.register 148 - HHH000270: Type registration [[B] overrides previous : org.hibernate.type.BinaryType@633cc6b5
2019-04-28 16:32:36,322 [main] INFO  org.hibernate.type.BasicTypeRegistry.register 148 - HHH000270: Type registration [Byte[]] overrides previous : org.hibernate.type.WrapperBinaryType@2daf06fc
2019-04-28 16:32:36,323 [main] INFO  org.hibernate.type.BasicTypeRegistry.register 148 - HHH000270: Type registration [[Ljava.lang.Byte;] overrides previous : org.hibernate.type.WrapperBinaryType@2daf06fc
2019-04-28 16:32:36,794 [main] INFO  o.s.o.j.LocalContainerEntityManagerFactoryBean.buildNativeEntityManagerFactory 415 - Initialized JPA EntityManagerFactory for persistence unit 'default'
2019-04-28 16:32:40,128 [main] INFO  o.s.w.s.h.SimpleUrlHandlerMapping.registerHandler 373 - Mapped URL path [/**/favicon.ico] onto handler of type [class org.springframework.web.servlet.resource.ResourceHttpRequestHandler]
2019-04-28 16:32:40,312 [main] INFO  o.s.w.s.m.m.a.RequestMappingHandlerAdapter.initControllerAdviceCache 588 - Looking for @ControllerAdvice: org.springframework.boot.web.servlet.context.AnnotationConfigServletWebServerApplicationContext@71e9ddb4: startup date [Sun Apr 28 16:32:32 CST 2019]; root of context hierarchy
2019-04-28 16:32:40,356 [main] WARN  o.s.b.a.o.j.JpaBaseConfiguration$JpaWebConfiguration$JpaWebMvcConfiguration.openEntityManagerInViewInterceptor 237 - spring.jpa.open-in-view is enabled by default. Therefore, database queries may be performed during view rendering. Explicitly configure spring.jpa.open-in-view to disable this warning
2019-04-28 16:32:40,399 [main] INFO  o.s.w.s.m.m.a.RequestMappingHandlerMapping.register 549 - Mapped "{[/config/get],methods=[GET]}" onto public boolean com.gwq.cnotf.controller.ConfigController.get()
2019-04-28 16:32:40,403 [main] INFO  o.s.w.s.m.m.a.RequestMappingHandlerMapping.register 549 - Mapped "{[/config/getdiscovery],methods=[GET]}" onto public java.util.List<com.alibaba.nacos.api.naming.pojo.Instance> com.gwq.cnotf.controller.ConfigController.get(java.lang.String) throws com.alibaba.nacos.api.exception.NacosException
2019-04-28 16:32:40,405 [main] INFO  o.s.w.s.m.m.a.RequestMappingHandlerMapping.register 549 - Mapped "{[/hello/view],methods=[GET]}" onto public java.util.List<com.gwq.cnotf.entity.TsPfVarEntity> com.gwq.cnotf.controller.HelloController.getValue()
2019-04-28 16:32:40,406 [main] INFO  o.s.w.s.m.m.a.RequestMappingHandlerMapping.register 549 - Mapped "{[/hello/view1],methods=[GET]}" onto public java.lang.String com.gwq.cnotf.controller.HelloController.getValue1(java.lang.String)
2019-04-28 16:32:40,407 [main] INFO  o.s.w.s.m.m.a.RequestMappingHandlerMapping.register 549 - Mapped "{[/hello/aaa],methods=[POST]}" onto public java.lang.String com.gwq.cnotf.controller.HelloController.getValue2()
2019-04-28 16:32:40,409 [main] INFO  o.s.w.s.m.m.a.RequestMappingHandlerMapping.register 549 - Mapped "{[/error]}" onto public org.springframework.http.ResponseEntity<java.util.Map<java.lang.String, java.lang.Object>> org.springframework.boot.autoconfigure.web.servlet.error.BasicErrorController.error(javax.servlet.http.HttpServletRequest)
2019-04-28 16:32:40,410 [main] INFO  o.s.w.s.m.m.a.RequestMappingHandlerMapping.register 549 - Mapped "{[/error],produces=[text/html]}" onto public org.springframework.web.servlet.ModelAndView org.springframework.boot.autoconfigure.web.servlet.error.BasicErrorController.errorHtml(javax.servlet.http.HttpServletRequest,javax.servlet.http.HttpServletResponse)
2019-04-28 16:32:40,448 [main] INFO  o.s.w.s.h.SimpleUrlHandlerMapping.registerHandler 373 - Mapped URL path [/webjars/**] onto handler of type [class org.springframework.web.servlet.resource.ResourceHttpRequestHandler]
2019-04-28 16:32:40,449 [main] INFO  o.s.w.s.h.SimpleUrlHandlerMapping.registerHandler 373 - Mapped URL path [/**] onto handler of type [class org.springframework.web.servlet.resource.ResourceHttpRequestHandler]
2019-04-28 16:32:40,466 [main] INFO  o.s.w.s.m.m.a.ExceptionHandlerExceptionResolver.initExceptionHandlerAdviceCache 288 - Detected @ExceptionHandler methods in repositoryRestExceptionHandler
2019-04-28 16:32:40,995 [main] INFO  o.s.d.r.w.RepositoryRestHandlerAdapter.initControllerAdviceCache 588 - Looking for @ControllerAdvice: org.springframework.boot.web.servlet.context.AnnotationConfigServletWebServerApplicationContext@71e9ddb4: startup date [Sun Apr 28 16:32:32 CST 2019]; root of context hierarchy
2019-04-28 16:32:41,011 [main] INFO  o.s.d.r.w.RepositoryRestHandlerMapping.register 549 - Mapped "{[/{repository}],methods=[POST],produces=[application/hal+json || application/json]}" onto public org.springframework.http.ResponseEntity<org.springframework.hateoas.ResourceSupport> org.springframework.data.rest.webmvc.RepositoryEntityController.postCollectionResource(org.springframework.data.rest.webmvc.RootResourceInformation,org.springframework.data.rest.webmvc.PersistentEntityResource,org.springframework.data.rest.webmvc.PersistentEntityResourceAssembler,java.lang.String) throws org.springframework.web.HttpRequestMethodNotSupportedException
2019-04-28 16:32:41,012 [main] INFO  o.s.d.r.w.RepositoryRestHandlerMapping.register 549 - Mapped "{[/{repository}/{id}],methods=[OPTIONS],produces=[application/hal+json || application/json]}" onto public org.springframework.http.ResponseEntity<?> org.springframework.data.rest.webmvc.RepositoryEntityController.optionsForItemResource(org.springframework.data.rest.webmvc.RootResourceInformation)
2019-04-28 16:32:41,013 [main] INFO  o.s.d.r.w.RepositoryRestHandlerMapping.register 549 - Mapped "{[/{repository}/{id}],methods=[PATCH],produces=[application/hal+json || application/json]}" onto public org.springframework.http.ResponseEntity<org.springframework.hateoas.ResourceSupport> org.springframework.data.rest.webmvc.RepositoryEntityController.patchItemResource(org.springframework.data.rest.webmvc.RootResourceInformation,org.springframework.data.rest.webmvc.PersistentEntityResource,java.io.Serializable,org.springframework.data.rest.webmvc.PersistentEntityResourceAssembler,org.springframework.data.rest.webmvc.support.ETag,java.lang.String) throws org.springframework.web.HttpRequestMethodNotSupportedException,org.springframework.data.rest.webmvc.ResourceNotFoundException
2019-04-28 16:32:41,014 [main] INFO  o.s.d.r.w.RepositoryRestHandlerMapping.register 549 - Mapped "{[/{repository}],methods=[OPTIONS],produces=[application/hal+json || application/json]}" onto public org.springframework.http.ResponseEntity<?> org.springframework.data.rest.webmvc.RepositoryEntityController.optionsForCollectionResource(org.springframework.data.rest.webmvc.RootResourceInformation)
2019-04-28 16:32:41,014 [main] INFO  o.s.d.r.w.RepositoryRestHandlerMapping.register 549 - Mapped "{[/{repository}/{id}],methods=[HEAD],produces=[application/hal+json || application/json]}" onto public org.springframework.http.ResponseEntity<?> org.springframework.data.rest.webmvc.RepositoryEntityController.headForItemResource(org.springframework.data.rest.webmvc.RootResourceInformation,java.io.Serializable,org.springframework.data.rest.webmvc.PersistentEntityResourceAssembler) throws org.springframework.web.HttpRequestMethodNotSupportedException
2019-04-28 16:32:41,014 [main] INFO  o.s.d.r.w.RepositoryRestHandlerMapping.register 549 - Mapped "{[/{repository}/{id}],methods=[DELETE],produces=[application/hal+json || application/json]}" onto public org.springframework.http.ResponseEntity<?> org.springframework.data.rest.webmvc.RepositoryEntityController.deleteItemResource(org.springframework.data.rest.webmvc.RootResourceInformation,java.io.Serializable,org.springframework.data.rest.webmvc.support.ETag) throws org.springframework.data.rest.webmvc.ResourceNotFoundException,org.springframework.web.HttpRequestMethodNotSupportedException
2019-04-28 16:32:41,015 [main] INFO  o.s.d.r.w.RepositoryRestHandlerMapping.register 549 - Mapped "{[/{repository}],methods=[GET],produces=[application/x-spring-data-compact+json || text/uri-list]}" onto public org.springframework.hateoas.Resources<?> org.springframework.data.rest.webmvc.RepositoryEntityController.getCollectionResourceCompact(org.springframework.data.rest.webmvc.RootResourceInformation,org.springframework.data.rest.webmvc.support.DefaultedPageable,org.springframework.data.domain.Sort,org.springframework.data.rest.webmvc.PersistentEntityResourceAssembler) throws org.springframework.data.rest.webmvc.ResourceNotFoundException,org.springframework.web.HttpRequestMethodNotSupportedException
2019-04-28 16:32:41,016 [main] INFO  o.s.d.r.w.RepositoryRestHandlerMapping.register 549 - Mapped "{[/{repository}],methods=[HEAD],produces=[application/hal+json || application/json]}" onto public org.springframework.http.ResponseEntity<?> org.springframework.data.rest.webmvc.RepositoryEntityController.headCollectionResource(org.springframework.data.rest.webmvc.RootResourceInformation,org.springframework.data.rest.webmvc.support.DefaultedPageable) throws org.springframework.web.HttpRequestMethodNotSupportedException
2019-04-28 16:32:41,018 [main] INFO  o.s.d.r.w.RepositoryRestHandlerMapping.register 549 - Mapped "{[/{repository}],methods=[GET],produces=[application/hal+json || application/json]}" onto public org.springframework.hateoas.Resources<?> org.springframework.data.rest.webmvc.RepositoryEntityController.getCollectionResource(org.springframework.data.rest.webmvc.RootResourceInformation,org.springframework.data.rest.webmvc.support.DefaultedPageable,org.springframework.data.domain.Sort,org.springframework.data.rest.webmvc.PersistentEntityResourceAssembler) throws org.springframework.data.rest.webmvc.ResourceNotFoundException,org.springframework.web.HttpRequestMethodNotSupportedException
2019-04-28 16:32:41,019 [main] INFO  o.s.d.r.w.RepositoryRestHandlerMapping.register 549 - Mapped "{[/{repository}/{id}],methods=[PUT],produces=[application/hal+json || application/json]}" onto public org.springframework.http.ResponseEntity<? extends org.springframework.hateoas.ResourceSupport> org.springframework.data.rest.webmvc.RepositoryEntityController.putItemResource(org.springframework.data.rest.webmvc.RootResourceInformation,org.springframework.data.rest.webmvc.PersistentEntityResource,java.io.Serializable,org.springframework.data.rest.webmvc.PersistentEntityResourceAssembler,org.springframework.data.rest.webmvc.support.ETag,java.lang.String) throws org.springframework.web.HttpRequestMethodNotSupportedException
2019-04-28 16:32:41,020 [main] INFO  o.s.d.r.w.RepositoryRestHandlerMapping.register 549 - Mapped "{[/{repository}/{id}],methods=[GET],produces=[application/hal+json || application/json]}" onto public org.springframework.http.ResponseEntity<org.springframework.hateoas.Resource<?>> org.springframework.data.rest.webmvc.RepositoryEntityController.getItemResource(org.springframework.data.rest.webmvc.RootResourceInformation,java.io.Serializable,org.springframework.data.rest.webmvc.PersistentEntityResourceAssembler,org.springframework.http.HttpHeaders) throws org.springframework.web.HttpRequestMethodNotSupportedException
2019-04-28 16:32:41,021 [main] INFO  o.s.d.r.w.RepositoryRestHandlerMapping.register 549 - Mapped "{[/{repository}/{id}/{property}/{propertyId}],methods=[GET],produces=[application/hal+json || application/json]}" onto public org.springframework.http.ResponseEntity<org.springframework.hateoas.ResourceSupport> org.springframework.data.rest.webmvc.RepositoryPropertyReferenceController.followPropertyReference(org.springframework.data.rest.webmvc.RootResourceInformation,java.io.Serializable,java.lang.String,java.lang.String,org.springframework.data.rest.webmvc.PersistentEntityResourceAssembler) throws java.lang.Exception
2019-04-28 16:32:41,022 [main] INFO  o.s.d.r.w.RepositoryRestHandlerMapping.register 549 - Mapped "{[/{repository}/{id}/{property}],methods=[GET],produces=[application/hal+json || application/json]}" onto public org.springframework.http.ResponseEntity<org.springframework.hateoas.ResourceSupport> org.springframework.data.rest.webmvc.RepositoryPropertyReferenceController.followPropertyReference(org.springframework.data.rest.webmvc.RootResourceInformation,java.io.Serializable,java.lang.String,org.springframework.data.rest.webmvc.PersistentEntityResourceAssembler) throws java.lang.Exception
2019-04-28 16:32:41,023 [main] INFO  o.s.d.r.w.RepositoryRestHandlerMapping.register 549 - Mapped "{[/{repository}/{id}/{property}],methods=[DELETE],produces=[application/hal+json || application/json]}" onto public org.springframework.http.ResponseEntity<? extends org.springframework.hateoas.ResourceSupport> org.springframework.data.rest.webmvc.RepositoryPropertyReferenceController.deletePropertyReference(org.springframework.data.rest.webmvc.RootResourceInformation,java.io.Serializable,java.lang.String) throws java.lang.Exception
2019-04-28 16:32:41,023 [main] INFO  o.s.d.r.w.RepositoryRestHandlerMapping.register 549 - Mapped "{[/{repository}/{id}/{property}],methods=[GET],produces=[application/x-spring-data-compact+json || text/uri-list]}" onto public org.springframework.http.ResponseEntity<org.springframework.hateoas.ResourceSupport> org.springframework.data.rest.webmvc.RepositoryPropertyReferenceController.followPropertyReferenceCompact(org.springframework.data.rest.webmvc.RootResourceInformation,java.io.Serializable,java.lang.String,org.springframework.data.rest.webmvc.PersistentEntityResourceAssembler) throws java.lang.Exception
2019-04-28 16:32:41,024 [main] INFO  o.s.d.r.w.RepositoryRestHandlerMapping.register 549 - Mapped "{[/{repository}/{id}/{property}],methods=[PATCH || PUT || POST],consumes=[application/json || application/x-spring-data-compact+json || text/uri-list],produces=[application/hal+json || application/json]}" onto public org.springframework.http.ResponseEntity<? extends org.springframework.hateoas.ResourceSupport> org.springframework.data.rest.webmvc.RepositoryPropertyReferenceController.createPropertyReference(org.springframework.data.rest.webmvc.RootResourceInformation,org.springframework.http.HttpMethod,org.springframework.hateoas.Resources<java.lang.Object>,java.io.Serializable,java.lang.String) throws java.lang.Exception
2019-04-28 16:32:41,025 [main] INFO  o.s.d.r.w.RepositoryRestHandlerMapping.register 549 - Mapped "{[/{repository}/{id}/{property}/{propertyId}],methods=[DELETE],produces=[application/hal+json || application/json]}" onto public org.springframework.http.ResponseEntity<org.springframework.hateoas.ResourceSupport> org.springframework.data.rest.webmvc.RepositoryPropertyReferenceController.deletePropertyReferenceId(org.springframework.data.rest.webmvc.RootResourceInformation,java.io.Serializable,java.lang.String,java.lang.String) throws java.lang.Exception
2019-04-28 16:32:41,027 [main] INFO  o.s.d.r.w.RepositoryRestHandlerMapping.register 549 - Mapped "{[/{repository}/search],methods=[OPTIONS],produces=[application/hal+json || application/json]}" onto public org.springframework.http.HttpEntity<?> org.springframework.data.rest.webmvc.RepositorySearchController.optionsForSearches(org.springframework.data.rest.webmvc.RootResourceInformation)
2019-04-28 16:32:41,028 [main] INFO  o.s.d.r.w.RepositoryRestHandlerMapping.register 549 - Mapped "{[/{repository}/search/{search}],methods=[GET],produces=[application/x-spring-data-compact+json]}" onto public org.springframework.hateoas.ResourceSupport org.springframework.data.rest.webmvc.RepositorySearchController.executeSearchCompact(org.springframework.data.rest.webmvc.RootResourceInformation,org.springframework.http.HttpHeaders,org.springframework.util.MultiValueMap<java.lang.String, java.lang.Object>,java.lang.String,java.lang.String,org.springframework.data.rest.webmvc.support.DefaultedPageable,org.springframework.data.domain.Sort,org.springframework.data.rest.webmvc.PersistentEntityResourceAssembler)
2019-04-28 16:32:41,029 [main] INFO  o.s.d.r.w.RepositoryRestHandlerMapping.register 549 - Mapped "{[/{repository}/search],methods=[GET],produces=[application/hal+json || application/json]}" onto public org.springframework.data.rest.webmvc.RepositorySearchesResource org.springframework.data.rest.webmvc.RepositorySearchController.listSearches(org.springframework.data.rest.webmvc.RootResourceInformation)
2019-04-28 16:32:41,029 [main] INFO  o.s.d.r.w.RepositoryRestHandlerMapping.register 549 - Mapped "{[/{repository}/search/{search}],methods=[OPTIONS],produces=[application/hal+json || application/json]}" onto public org.springframework.http.ResponseEntity<java.lang.Object> org.springframework.data.rest.webmvc.RepositorySearchController.optionsForSearch(org.springframework.data.rest.webmvc.RootResourceInformation,java.lang.String)
2019-04-28 16:32:41,030 [main] INFO  o.s.d.r.w.RepositoryRestHandlerMapping.register 549 - Mapped "{[/{repository}/search/{search}],methods=[GET],produces=[application/hal+json || application/json]}" onto public org.springframework.http.ResponseEntity<?> org.springframework.data.rest.webmvc.RepositorySearchController.executeSearch(org.springframework.data.rest.webmvc.RootResourceInformation,org.springframework.util.MultiValueMap<java.lang.String, java.lang.Object>,java.lang.String,org.springframework.data.rest.webmvc.support.DefaultedPageable,org.springframework.data.domain.Sort,org.springframework.data.rest.webmvc.PersistentEntityResourceAssembler,org.springframework.http.HttpHeaders)
2019-04-28 16:32:41,030 [main] INFO  o.s.d.r.w.RepositoryRestHandlerMapping.register 549 - Mapped "{[/{repository}/search],methods=[HEAD],produces=[application/hal+json || application/json]}" onto public org.springframework.http.HttpEntity<?> org.springframework.data.rest.webmvc.RepositorySearchController.headForSearches(org.springframework.data.rest.webmvc.RootResourceInformation)
2019-04-28 16:32:41,031 [main] INFO  o.s.d.r.w.RepositoryRestHandlerMapping.register 549 - Mapped "{[/{repository}/search/{search}],methods=[HEAD],produces=[application/hal+json || application/json]}" onto public org.springframework.http.ResponseEntity<java.lang.Object> org.springframework.data.rest.webmvc.RepositorySearchController.headForSearch(org.springframework.data.rest.webmvc.RootResourceInformation,java.lang.String)
2019-04-28 16:32:41,032 [main] INFO  o.s.d.r.w.RepositoryRestHandlerMapping.register 549 - Mapped "{[/ || ],methods=[OPTIONS],produces=[application/hal+json || application/json]}" onto public org.springframework.http.HttpEntity<?> org.springframework.data.rest.webmvc.RepositoryController.optionsForRepositories()
2019-04-28 16:32:41,033 [main] INFO  o.s.d.r.w.RepositoryRestHandlerMapping.register 549 - Mapped "{[/ || ],methods=[HEAD],produces=[application/hal+json || application/json]}" onto public org.springframework.http.ResponseEntity<?> org.springframework.data.rest.webmvc.RepositoryController.headForRepositories()
2019-04-28 16:32:41,033 [main] INFO  o.s.d.r.w.RepositoryRestHandlerMapping.register 549 - Mapped "{[/ || ],methods=[GET],produces=[application/hal+json || application/json]}" onto public org.springframework.http.HttpEntity<org.springframework.data.rest.webmvc.RepositoryLinksResource> org.springframework.data.rest.webmvc.RepositoryController.listRepositories()
2019-04-28 16:32:41,040 [main] INFO  o.s.d.r.w.BasePathAwareHandlerMapping.register 549 - Mapped "{[/profile],methods=[GET]}" onto org.springframework.http.HttpEntity<org.springframework.hateoas.ResourceSupport> org.springframework.data.rest.webmvc.ProfileController.listAllFormsOfMetadata()
2019-04-28 16:32:41,040 [main] INFO  o.s.d.r.w.BasePathAwareHandlerMapping.register 549 - Mapped "{[/profile],methods=[OPTIONS]}" onto public org.springframework.http.HttpEntity<?> org.springframework.data.rest.webmvc.ProfileController.profileOptions()
2019-04-28 16:32:41,041 [main] INFO  o.s.d.r.w.BasePathAwareHandlerMapping.register 549 - Mapped "{[/profile/{repository}],methods=[GET],produces=[application/schema+json]}" onto public org.springframework.http.HttpEntity<org.springframework.data.rest.webmvc.json.JsonSchema> org.springframework.data.rest.webmvc.RepositorySchemaController.schema(org.springframework.data.rest.webmvc.RootResourceInformation)
2019-04-28 16:32:41,042 [main] INFO  o.s.d.r.w.BasePathAwareHandlerMapping.register 549 - Mapped "{[/profile/{repository}],methods=[GET],produces=[application/alps+json || */*]}" onto org.springframework.http.HttpEntity<org.springframework.data.rest.webmvc.RootResourceInformation> org.springframework.data.rest.webmvc.alps.AlpsController.descriptor(org.springframework.data.rest.webmvc.RootResourceInformation)
2019-04-28 16:32:41,043 [main] INFO  o.s.d.r.w.BasePathAwareHandlerMapping.register 549 - Mapped "{[/profile/{repository}],methods=[OPTIONS],produces=[application/alps+json]}" onto org.springframework.http.HttpEntity<?> org.springframework.data.rest.webmvc.alps.AlpsController.alpsOptions()
2019-04-28 16:32:41,199 [main] INFO  o.s.j.e.a.AnnotationMBeanExporter.afterSingletonsInstantiated 433 - Registering beans for JMX exposure on startup
2019-04-28 16:32:41,201 [main] INFO  o.s.j.e.a.AnnotationMBeanExporter.autodetect 895 - Bean with name 'dataSource' has been autodetected for JMX exposure
2019-04-28 16:32:41,211 [main] INFO  o.s.j.e.a.AnnotationMBeanExporter.registerBeanInstance 668 - Located MBean 'dataSource': registering with JMX server as MBean [com.zaxxer.hikari:name=dataSource,type=HikariDataSource]
2019-04-28 16:32:41,299 [main] INFO  o.s.b.w.e.tomcat.TomcatWebServer.start 206 - Tomcat started on port(s): 8083 (http) with context path '/gwq'
2019-04-28 16:32:41,304 [main] INFO  com.gwq.cnotf.CnotfApplication.logStarted 59 - Started CnotfApplication in 9.891 seconds (JVM running for 11.001)
2019-04-28 16:40:38,131 [main] INFO  com.gwq.cnotf.CnotfApplication.logStarting 50 - Starting CnotfApplication on LAPTOP-2QSFD9UF with PID 30120 (E:\idea_workspace\cnotf\target\classes started by cnotf in E:\idea_workspace\cnotf)
2019-04-28 16:40:38,137 [main] INFO  com.gwq.cnotf.CnotfApplication.logStartupProfileInfo 680 - No active profile set, falling back to default profiles: default
2019-04-28 16:40:38,194 [main] INFO  o.s.b.w.s.c.AnnotationConfigServletWebServerApplicationContext.prepareRefresh 590 - Refreshing org.springframework.boot.web.servlet.context.AnnotationConfigServletWebServerApplicationContext@6a78afa0: startup date [Sun Apr 28 16:40:38 CST 2019]; root of context hierarchy
2019-04-28 16:40:39,308 [main] INFO  o.s.d.r.c.RepositoryConfigurationDelegate.multipleStoresDetected 172 - Multiple Spring Data modules found, entering strict repository configuration mode!
2019-04-28 16:40:39,416 [main] INFO  o.s.d.r.c.RepositoryConfigurationDelegate.multipleStoresDetected 172 - Multiple Spring Data modules found, entering strict repository configuration mode!
2019-04-28 16:40:39,434 [main] INFO  o.s.d.r.c.RepositoryConfigurationExtensionSupport.isStrictRepositoryCandidate 291 - Spring Data Redis - Could not safely identify store assignment for repository candidate interface com.gwq.cnotf.repository.TsPfVarRepository.
2019-04-28 16:40:39,969 [main] INFO  o.s.c.s.PostProcessorRegistrationDelegate$BeanPostProcessorChecker.postProcessAfterInitialization 326 - Bean 'org.springframework.transaction.annotation.ProxyTransactionManagementConfiguration' of type [org.springframework.transaction.annotation.ProxyTransactionManagementConfiguration$$EnhancerBySpringCGLIB$$67b7196e] is not eligible for getting processed by all BeanPostProcessors (for example: not eligible for auto-proxying)
2019-04-28 16:40:40,000 [main] INFO  o.s.c.s.PostProcessorRegistrationDelegate$BeanPostProcessorChecker.postProcessAfterInitialization 326 - Bean 'org.springframework.hateoas.config.HateoasConfiguration' of type [org.springframework.hateoas.config.HateoasConfiguration$$EnhancerBySpringCGLIB$$e73766a0] is not eligible for getting processed by all BeanPostProcessors (for example: not eligible for auto-proxying)
2019-04-28 16:40:40,417 [main] INFO  o.s.b.w.e.tomcat.TomcatWebServer.initialize 91 - Tomcat initialized with port(s): 8083 (http)
2019-04-28 16:40:40,447 [main] INFO  o.a.catalina.core.StandardService.log 180 - Starting service [Tomcat]
2019-04-28 16:40:40,448 [main] INFO  o.a.catalina.core.StandardEngine.log 180 - Starting Servlet Engine: Apache Tomcat/8.5.34
2019-04-28 16:40:40,454 [localhost-startStop-1] INFO  o.a.c.core.AprLifecycleListener.log 180 - The APR based Apache Tomcat Native library which allows optimal performance in production environments was not found on the java.library.path: [E:\java\jdk1.8.0_101\bin;C:\WINDOWS\Sun\Java\bin;C:\WINDOWS\system32;C:\WINDOWS;E:\PLSQL\instantclient_11_2\bin;C:\Oracle11g\11g\bin;E:\java\jdk1.7.0_79\bin;E:\java\jdk1.7.0_79\jre1.8.0_101\bin;C:\ProgramData\Oracle\Java\javapath;C:\Program Files (x86)\Intel\iCLS Client\;C:\Program Files\Intel\iCLS Client\;C:\Windows\system32;C:\Windows;C:\Windows\System32\Wbem;C:\Windows\System32\WindowsPowerShell\v1.0\;C:\Program Files (x86)\NVIDIA Corporation\PhysX\Common;C:\Program Files (x86)\Intel\Intel(R) Management Engine Components\DAL;C:\Program Files\Intel\Intel(R) Management Engine Components\DAL;C:\Program Files (x86)\Intel\Intel(R) Management Engine Components\IPT;C:\Program Files\Intel\Intel(R) Management Engine Components\IPT;E:\PLSQL\instantclient_11_2;D:\Microsoft VS Code\bin;C:\WINDOWS\system32;C:\WINDOWS;C:\WINDOWS\System32\Wbem;C:\WINDOWS\System32\WindowsPowerShell\v1.0\;C:\WINDOWS\System32\OpenSSH\;C:\Program Files\Intel\WiFi\bin\;C:\Program Files\Common Files\Intel\WirelessCommon\;E:\apache-maven-3.3.9\bin;E:\Git\cmd;C:\Program Files (x86)\Calibre2\;E:\python\Scripts\;E:\python\;C:\Users\95649\AppData\Local\Microsoft\WindowsApps;c:\program files\esafenet\cobra docguard client;.]
2019-04-28 16:40:40,829 [localhost-startStop-1] INFO  org.apache.jasper.servlet.TldScanner.log 180 - At least one JAR was scanned for TLDs yet contained no TLDs. Enable debug logging for this logger for a complete list of JARs that were scanned but no TLDs were found in them. Skipping unneeded JARs during scanning can improve startup time and JSP compilation time.
2019-04-28 16:40:40,832 [localhost-startStop-1] INFO  o.a.c.c.C.[.[localhost].[/gwq].log 180 - Initializing Spring embedded WebApplicationContext
2019-04-28 16:40:40,833 [localhost-startStop-1] INFO  o.s.web.context.ContextLoader.prepareWebApplicationContext 285 - Root WebApplicationContext: initialization completed in 2639 ms
2019-04-28 16:40:40,910 [localhost-startStop-1] INFO  o.s.b.w.s.ServletRegistrationBean.addRegistration 187 - Servlet dispatcherServlet mapped to [/]
2019-04-28 16:40:40,916 [localhost-startStop-1] INFO  o.s.b.w.s.FilterRegistrationBean.configure 245 - Mapping filter: 'characterEncodingFilter' to: [/*]
2019-04-28 16:40:40,917 [localhost-startStop-1] INFO  o.s.b.w.s.FilterRegistrationBean.configure 245 - Mapping filter: 'hiddenHttpMethodFilter' to: [/*]
2019-04-28 16:40:40,917 [localhost-startStop-1] INFO  o.s.b.w.s.FilterRegistrationBean.configure 245 - Mapping filter: 'httpPutFormContentFilter' to: [/*]
2019-04-28 16:40:40,918 [localhost-startStop-1] INFO  o.s.b.w.s.FilterRegistrationBean.configure 245 - Mapping filter: 'requestContextFilter' to: [/*]
2019-04-28 16:40:41,208 [main] INFO  com.zaxxer.hikari.HikariDataSource.getConnection 110 - HikariPool-1 - Starting...
2019-04-28 16:40:41,329 [main] INFO  com.zaxxer.hikari.pool.PoolBase.getAndSetNetworkTimeout 516 - HikariPool-1 - Driver does not support get/set network timeout for connections. (oracle.jdbc.driver.T4CConnection.getNetworkTimeout()I)
2019-04-28 16:40:41,334 [main] INFO  com.zaxxer.hikari.HikariDataSource.getConnection 123 - HikariPool-1 - Start completed.
2019-04-28 16:40:41,393 [main] INFO  o.s.o.j.LocalContainerEntityManagerFactoryBean.createNativeEntityManagerFactory 361 - Building JPA container EntityManagerFactory for persistence unit 'default'
2019-04-28 16:40:41,412 [main] INFO  o.h.jpa.internal.util.LogHelper.logPersistenceUnitInformation 31 - HHH000204: Processing PersistenceUnitInfo [
	name: default
	...]
2019-04-28 16:40:41,510 [main] INFO  org.hibernate.Version.logVersion 45 - HHH000412: Hibernate Core {5.2.17.Final}
2019-04-28 16:40:41,513 [main] INFO  org.hibernate.cfg.Environment.<clinit> 213 - HHH000206: hibernate.properties not found
2019-04-28 16:40:41,567 [main] INFO  o.h.annotations.common.Version.<clinit> 66 - HCANN000001: Hibernate Commons Annotations {5.0.1.Final}
2019-04-28 16:40:41,742 [main] INFO  org.hibernate.dialect.Dialect.<init> 157 - HHH000400: Using dialect: org.hibernate.dialect.Oracle12cDialect
2019-04-28 16:40:41,870 [main] INFO  org.hibernate.type.BasicTypeRegistry.register 148 - HHH000270: Type registration [byte[]] overrides previous : org.hibernate.type.BinaryType@404db674
2019-04-28 16:40:41,871 [main] INFO  org.hibernate.type.BasicTypeRegistry.register 148 - HHH000270: Type registration [[B] overrides previous : org.hibernate.type.BinaryType@404db674
2019-04-28 16:40:41,872 [main] INFO  org.hibernate.type.BasicTypeRegistry.register 148 - HHH000270: Type registration [Byte[]] overrides previous : org.hibernate.type.WrapperBinaryType@3662bdff
2019-04-28 16:40:41,873 [main] INFO  org.hibernate.type.BasicTypeRegistry.register 148 - HHH000270: Type registration [[Ljava.lang.Byte;] overrides previous : org.hibernate.type.WrapperBinaryType@3662bdff
2019-04-28 16:40:42,407 [main] INFO  o.s.o.j.LocalContainerEntityManagerFactoryBean.buildNativeEntityManagerFactory 415 - Initialized JPA EntityManagerFactory for persistence unit 'default'
2019-04-28 16:40:43,324 [main] INFO  o.s.w.s.h.SimpleUrlHandlerMapping.registerHandler 373 - Mapped URL path [/**/favicon.ico] onto handler of type [class org.springframework.web.servlet.resource.ResourceHttpRequestHandler]
2019-04-28 16:40:43,517 [main] INFO  o.s.w.s.m.m.a.RequestMappingHandlerAdapter.initControllerAdviceCache 588 - Looking for @ControllerAdvice: org.springframework.boot.web.servlet.context.AnnotationConfigServletWebServerApplicationContext@6a78afa0: startup date [Sun Apr 28 16:40:38 CST 2019]; root of context hierarchy
2019-04-28 16:40:43,565 [main] WARN  o.s.b.a.o.j.JpaBaseConfiguration$JpaWebConfiguration$JpaWebMvcConfiguration.openEntityManagerInViewInterceptor 237 - spring.jpa.open-in-view is enabled by default. Therefore, database queries may be performed during view rendering. Explicitly configure spring.jpa.open-in-view to disable this warning
2019-04-28 16:40:43,609 [main] INFO  o.s.w.s.m.m.a.RequestMappingHandlerMapping.register 549 - Mapped "{[/hello/view],methods=[GET]}" onto public java.util.List<com.gwq.cnotf.entity.TsPfVarEntity> com.gwq.cnotf.controller.HelloController.getValue()
2019-04-28 16:40:43,611 [main] INFO  o.s.w.s.m.m.a.RequestMappingHandlerMapping.register 549 - Mapped "{[/hello/aaa],methods=[POST]}" onto public java.lang.String com.gwq.cnotf.controller.HelloController.getValue2()
2019-04-28 16:40:43,614 [main] INFO  o.s.w.s.m.m.a.RequestMappingHandlerMapping.register 549 - Mapped "{[/hello/view1],methods=[GET]}" onto public java.lang.String com.gwq.cnotf.controller.HelloController.getValue1(java.lang.String)
2019-04-28 16:40:43,618 [main] INFO  o.s.w.s.m.m.a.RequestMappingHandlerMapping.register 549 - Mapped "{[/error]}" onto public org.springframework.http.ResponseEntity<java.util.Map<java.lang.String, java.lang.Object>> org.springframework.boot.autoconfigure.web.servlet.error.BasicErrorController.error(javax.servlet.http.HttpServletRequest)
2019-04-28 16:40:43,619 [main] INFO  o.s.w.s.m.m.a.RequestMappingHandlerMapping.register 549 - Mapped "{[/error],produces=[text/html]}" onto public org.springframework.web.servlet.ModelAndView org.springframework.boot.autoconfigure.web.servlet.error.BasicErrorController.errorHtml(javax.servlet.http.HttpServletRequest,javax.servlet.http.HttpServletResponse)
2019-04-28 16:40:43,653 [main] INFO  o.s.w.s.h.SimpleUrlHandlerMapping.registerHandler 373 - Mapped URL path [/webjars/**] onto handler of type [class org.springframework.web.servlet.resource.ResourceHttpRequestHandler]
2019-04-28 16:40:43,654 [main] INFO  o.s.w.s.h.SimpleUrlHandlerMapping.registerHandler 373 - Mapped URL path [/**] onto handler of type [class org.springframework.web.servlet.resource.ResourceHttpRequestHandler]
2019-04-28 16:40:43,674 [main] INFO  o.s.w.s.m.m.a.ExceptionHandlerExceptionResolver.initExceptionHandlerAdviceCache 288 - Detected @ExceptionHandler methods in repositoryRestExceptionHandler
2019-04-28 16:40:44,224 [main] INFO  o.s.d.r.w.RepositoryRestHandlerAdapter.initControllerAdviceCache 588 - Looking for @ControllerAdvice: org.springframework.boot.web.servlet.context.AnnotationConfigServletWebServerApplicationContext@6a78afa0: startup date [Sun Apr 28 16:40:38 CST 2019]; root of context hierarchy
2019-04-28 16:40:44,243 [main] INFO  o.s.d.r.w.RepositoryRestHandlerMapping.register 549 - Mapped "{[/{repository}/{id}],methods=[GET],produces=[application/hal+json || application/json]}" onto public org.springframework.http.ResponseEntity<org.springframework.hateoas.Resource<?>> org.springframework.data.rest.webmvc.RepositoryEntityController.getItemResource(org.springframework.data.rest.webmvc.RootResourceInformation,java.io.Serializable,org.springframework.data.rest.webmvc.PersistentEntityResourceAssembler,org.springframework.http.HttpHeaders) throws org.springframework.web.HttpRequestMethodNotSupportedException
2019-04-28 16:40:44,244 [main] INFO  o.s.d.r.w.RepositoryRestHandlerMapping.register 549 - Mapped "{[/{repository}/{id}],methods=[PUT],produces=[application/hal+json || application/json]}" onto public org.springframework.http.ResponseEntity<? extends org.springframework.hateoas.ResourceSupport> org.springframework.data.rest.webmvc.RepositoryEntityController.putItemResource(org.springframework.data.rest.webmvc.RootResourceInformation,org.springframework.data.rest.webmvc.PersistentEntityResource,java.io.Serializable,org.springframework.data.rest.webmvc.PersistentEntityResourceAssembler,org.springframework.data.rest.webmvc.support.ETag,java.lang.String) throws org.springframework.web.HttpRequestMethodNotSupportedException
2019-04-28 16:40:44,246 [main] INFO  o.s.d.r.w.RepositoryRestHandlerMapping.register 549 - Mapped "{[/{repository}/{id}],methods=[DELETE],produces=[application/hal+json || application/json]}" onto public org.springframework.http.ResponseEntity<?> org.springframework.data.rest.webmvc.RepositoryEntityController.deleteItemResource(org.springframework.data.rest.webmvc.RootResourceInformation,java.io.Serializable,org.springframework.data.rest.webmvc.support.ETag) throws org.springframework.data.rest.webmvc.ResourceNotFoundException,org.springframework.web.HttpRequestMethodNotSupportedException
2019-04-28 16:40:44,247 [main] INFO  o.s.d.r.w.RepositoryRestHandlerMapping.register 549 - Mapped "{[/{repository}],methods=[OPTIONS],produces=[application/hal+json || application/json]}" onto public org.springframework.http.ResponseEntity<?> org.springframework.data.rest.webmvc.RepositoryEntityController.optionsForCollectionResource(org.springframework.data.rest.webmvc.RootResourceInformation)
2019-04-28 16:40:44,247 [main] INFO  o.s.d.r.w.RepositoryRestHandlerMapping.register 549 - Mapped "{[/{repository}],methods=[GET],produces=[application/x-spring-data-compact+json || text/uri-list]}" onto public org.springframework.hateoas.Resources<?> org.springframework.data.rest.webmvc.RepositoryEntityController.getCollectionResourceCompact(org.springframework.data.rest.webmvc.RootResourceInformation,org.springframework.data.rest.webmvc.support.DefaultedPageable,org.springframework.data.domain.Sort,org.springframework.data.rest.webmvc.PersistentEntityResourceAssembler) throws org.springframework.data.rest.webmvc.ResourceNotFoundException,org.springframework.web.HttpRequestMethodNotSupportedException
2019-04-28 16:40:44,248 [main] INFO  o.s.d.r.w.RepositoryRestHandlerMapping.register 549 - Mapped "{[/{repository}],methods=[GET],produces=[application/hal+json || application/json]}" onto public org.springframework.hateoas.Resources<?> org.springframework.data.rest.webmvc.RepositoryEntityController.getCollectionResource(org.springframework.data.rest.webmvc.RootResourceInformation,org.springframework.data.rest.webmvc.support.DefaultedPageable,org.springframework.data.domain.Sort,org.springframework.data.rest.webmvc.PersistentEntityResourceAssembler) throws org.springframework.data.rest.webmvc.ResourceNotFoundException,org.springframework.web.HttpRequestMethodNotSupportedException
2019-04-28 16:40:44,249 [main] INFO  o.s.d.r.w.RepositoryRestHandlerMapping.register 549 - Mapped "{[/{repository}],methods=[HEAD],produces=[application/hal+json || application/json]}" onto public org.springframework.http.ResponseEntity<?> org.springframework.data.rest.webmvc.RepositoryEntityController.headCollectionResource(org.springframework.data.rest.webmvc.RootResourceInformation,org.springframework.data.rest.webmvc.support.DefaultedPageable) throws org.springframework.web.HttpRequestMethodNotSupportedException
2019-04-28 16:40:44,250 [main] INFO  o.s.d.r.w.RepositoryRestHandlerMapping.register 549 - Mapped "{[/{repository}],methods=[POST],produces=[application/hal+json || application/json]}" onto public org.springframework.http.ResponseEntity<org.springframework.hateoas.ResourceSupport> org.springframework.data.rest.webmvc.RepositoryEntityController.postCollectionResource(org.springframework.data.rest.webmvc.RootResourceInformation,org.springframework.data.rest.webmvc.PersistentEntityResource,org.springframework.data.rest.webmvc.PersistentEntityResourceAssembler,java.lang.String) throws org.springframework.web.HttpRequestMethodNotSupportedException
2019-04-28 16:40:44,251 [main] INFO  o.s.d.r.w.RepositoryRestHandlerMapping.register 549 - Mapped "{[/{repository}/{id}],methods=[OPTIONS],produces=[application/hal+json || application/json]}" onto public org.springframework.http.ResponseEntity<?> org.springframework.data.rest.webmvc.RepositoryEntityController.optionsForItemResource(org.springframework.data.rest.webmvc.RootResourceInformation)
2019-04-28 16:40:44,252 [main] INFO  o.s.d.r.w.RepositoryRestHandlerMapping.register 549 - Mapped "{[/{repository}/{id}],methods=[HEAD],produces=[application/hal+json || application/json]}" onto public org.springframework.http.ResponseEntity<?> org.springframework.data.rest.webmvc.RepositoryEntityController.headForItemResource(org.springframework.data.rest.webmvc.RootResourceInformation,java.io.Serializable,org.springframework.data.rest.webmvc.PersistentEntityResourceAssembler) throws org.springframework.web.HttpRequestMethodNotSupportedException
2019-04-28 16:40:44,253 [main] INFO  o.s.d.r.w.RepositoryRestHandlerMapping.register 549 - Mapped "{[/{repository}/{id}],methods=[PATCH],produces=[application/hal+json || application/json]}" onto public org.springframework.http.ResponseEntity<org.springframework.hateoas.ResourceSupport> org.springframework.data.rest.webmvc.RepositoryEntityController.patchItemResource(org.springframework.data.rest.webmvc.RootResourceInformation,org.springframework.data.rest.webmvc.PersistentEntityResource,java.io.Serializable,org.springframework.data.rest.webmvc.PersistentEntityResourceAssembler,org.springframework.data.rest.webmvc.support.ETag,java.lang.String) throws org.springframework.web.HttpRequestMethodNotSupportedException,org.springframework.data.rest.webmvc.ResourceNotFoundException
2019-04-28 16:40:44,255 [main] INFO  o.s.d.r.w.RepositoryRestHandlerMapping.register 549 - Mapped "{[/{repository}/{id}/{property}],methods=[DELETE],produces=[application/hal+json || application/json]}" onto public org.springframework.http.ResponseEntity<? extends org.springframework.hateoas.ResourceSupport> org.springframework.data.rest.webmvc.RepositoryPropertyReferenceController.deletePropertyReference(org.springframework.data.rest.webmvc.RootResourceInformation,java.io.Serializable,java.lang.String) throws java.lang.Exception
2019-04-28 16:40:44,256 [main] INFO  o.s.d.r.w.RepositoryRestHandlerMapping.register 549 - Mapped "{[/{repository}/{id}/{property}],methods=[GET],produces=[application/x-spring-data-compact+json || text/uri-list]}" onto public org.springframework.http.ResponseEntity<org.springframework.hateoas.ResourceSupport> org.springframework.data.rest.webmvc.RepositoryPropertyReferenceController.followPropertyReferenceCompact(org.springframework.data.rest.webmvc.RootResourceInformation,java.io.Serializable,java.lang.String,org.springframework.data.rest.webmvc.PersistentEntityResourceAssembler) throws java.lang.Exception
2019-04-28 16:40:44,256 [main] INFO  o.s.d.r.w.RepositoryRestHandlerMapping.register 549 - Mapped "{[/{repository}/{id}/{property}/{propertyId}],methods=[DELETE],produces=[application/hal+json || application/json]}" onto public org.springframework.http.ResponseEntity<org.springframework.hateoas.ResourceSupport> org.springframework.data.rest.webmvc.RepositoryPropertyReferenceController.deletePropertyReferenceId(org.springframework.data.rest.webmvc.RootResourceInformation,java.io.Serializable,java.lang.String,java.lang.String) throws java.lang.Exception
2019-04-28 16:40:44,257 [main] INFO  o.s.d.r.w.RepositoryRestHandlerMapping.register 549 - Mapped "{[/{repository}/{id}/{property}],methods=[PATCH || PUT || POST],consumes=[application/json || application/x-spring-data-compact+json || text/uri-list],produces=[application/hal+json || application/json]}" onto public org.springframework.http.ResponseEntity<? extends org.springframework.hateoas.ResourceSupport> org.springframework.data.rest.webmvc.RepositoryPropertyReferenceController.createPropertyReference(org.springframework.data.rest.webmvc.RootResourceInformation,org.springframework.http.HttpMethod,org.springframework.hateoas.Resources<java.lang.Object>,java.io.Serializable,java.lang.String) throws java.lang.Exception
2019-04-28 16:40:44,257 [main] INFO  o.s.d.r.w.RepositoryRestHandlerMapping.register 549 - Mapped "{[/{repository}/{id}/{property}/{propertyId}],methods=[GET],produces=[application/hal+json || application/json]}" onto public org.springframework.http.ResponseEntity<org.springframework.hateoas.ResourceSupport> org.springframework.data.rest.webmvc.RepositoryPropertyReferenceController.followPropertyReference(org.springframework.data.rest.webmvc.RootResourceInformation,java.io.Serializable,java.lang.String,java.lang.String,org.springframework.data.rest.webmvc.PersistentEntityResourceAssembler) throws java.lang.Exception
2019-04-28 16:40:44,258 [main] INFO  o.s.d.r.w.RepositoryRestHandlerMapping.register 549 - Mapped "{[/{repository}/{id}/{property}],methods=[GET],produces=[application/hal+json || application/json]}" onto public org.springframework.http.ResponseEntity<org.springframework.hateoas.ResourceSupport> org.springframework.data.rest.webmvc.RepositoryPropertyReferenceController.followPropertyReference(org.springframework.data.rest.webmvc.RootResourceInformation,java.io.Serializable,java.lang.String,org.springframework.data.rest.webmvc.PersistentEntityResourceAssembler) throws java.lang.Exception
2019-04-28 16:40:44,259 [main] INFO  o.s.d.r.w.RepositoryRestHandlerMapping.register 549 - Mapped "{[/{repository}/search],methods=[GET],produces=[application/hal+json || application/json]}" onto public org.springframework.data.rest.webmvc.RepositorySearchesResource org.springframework.data.rest.webmvc.RepositorySearchController.listSearches(org.springframework.data.rest.webmvc.RootResourceInformation)
2019-04-28 16:40:44,261 [main] INFO  o.s.d.r.w.RepositoryRestHandlerMapping.register 549 - Mapped "{[/{repository}/search/{search}],methods=[HEAD],produces=[application/hal+json || application/json]}" onto public org.springframework.http.ResponseEntity<java.lang.Object> org.springframework.data.rest.webmvc.RepositorySearchController.headForSearch(org.springframework.data.rest.webmvc.RootResourceInformation,java.lang.String)
2019-04-28 16:40:44,262 [main] INFO  o.s.d.r.w.RepositoryRestHandlerMapping.register 549 - Mapped "{[/{repository}/search],methods=[HEAD],produces=[application/hal+json || application/json]}" onto public org.springframework.http.HttpEntity<?> org.springframework.data.rest.webmvc.RepositorySearchController.headForSearches(org.springframework.data.rest.webmvc.RootResourceInformation)
2019-04-28 16:40:44,263 [main] INFO  o.s.d.r.w.RepositoryRestHandlerMapping.register 549 - Mapped "{[/{repository}/search/{search}],methods=[GET],produces=[application/hal+json || application/json]}" onto public org.springframework.http.ResponseEntity<?> org.springframework.data.rest.webmvc.RepositorySearchController.executeSearch(org.springframework.data.rest.webmvc.RootResourceInformation,org.springframework.util.MultiValueMap<java.lang.String, java.lang.Object>,java.lang.String,org.springframework.data.rest.webmvc.support.DefaultedPageable,org.springframework.data.domain.Sort,org.springframework.data.rest.webmvc.PersistentEntityResourceAssembler,org.springframework.http.HttpHeaders)
2019-04-28 16:40:44,264 [main] INFO  o.s.d.r.w.RepositoryRestHandlerMapping.register 549 - Mapped "{[/{repository}/search/{search}],methods=[OPTIONS],produces=[application/hal+json || application/json]}" onto public org.springframework.http.ResponseEntity<java.lang.Object> org.springframework.data.rest.webmvc.RepositorySearchController.optionsForSearch(org.springframework.data.rest.webmvc.RootResourceInformation,java.lang.String)
2019-04-28 16:40:44,265 [main] INFO  o.s.d.r.w.RepositoryRestHandlerMapping.register 549 - Mapped "{[/{repository}/search],methods=[OPTIONS],produces=[application/hal+json || application/json]}" onto public org.springframework.http.HttpEntity<?> org.springframework.data.rest.webmvc.RepositorySearchController.optionsForSearches(org.springframework.data.rest.webmvc.RootResourceInformation)
2019-04-28 16:40:44,265 [main] INFO  o.s.d.r.w.RepositoryRestHandlerMapping.register 549 - Mapped "{[/{repository}/search/{search}],methods=[GET],produces=[application/x-spring-data-compact+json]}" onto public org.springframework.hateoas.ResourceSupport org.springframework.data.rest.webmvc.RepositorySearchController.executeSearchCompact(org.springframework.data.rest.webmvc.RootResourceInformation,org.springframework.http.HttpHeaders,org.springframework.util.MultiValueMap<java.lang.String, java.lang.Object>,java.lang.String,java.lang.String,org.springframework.data.rest.webmvc.support.DefaultedPageable,org.springframework.data.domain.Sort,org.springframework.data.rest.webmvc.PersistentEntityResourceAssembler)
2019-04-28 16:40:44,266 [main] INFO  o.s.d.r.w.RepositoryRestHandlerMapping.register 549 - Mapped "{[/ || ],methods=[GET],produces=[application/hal+json || application/json]}" onto public org.springframework.http.HttpEntity<org.springframework.data.rest.webmvc.RepositoryLinksResource> org.springframework.data.rest.webmvc.RepositoryController.listRepositories()
2019-04-28 16:40:44,267 [main] INFO  o.s.d.r.w.RepositoryRestHandlerMapping.register 549 - Mapped "{[/ || ],methods=[OPTIONS],produces=[application/hal+json || application/json]}" onto public org.springframework.http.HttpEntity<?> org.springframework.data.rest.webmvc.RepositoryController.optionsForRepositories()
2019-04-28 16:40:44,268 [main] INFO  o.s.d.r.w.RepositoryRestHandlerMapping.register 549 - Mapped "{[/ || ],methods=[HEAD],produces=[application/hal+json || application/json]}" onto public org.springframework.http.ResponseEntity<?> org.springframework.data.rest.webmvc.RepositoryController.headForRepositories()
2019-04-28 16:40:44,273 [main] INFO  o.s.d.r.w.BasePathAwareHandlerMapping.register 549 - Mapped "{[/profile],methods=[OPTIONS]}" onto public org.springframework.http.HttpEntity<?> org.springframework.data.rest.webmvc.ProfileController.profileOptions()
2019-04-28 16:40:44,274 [main] INFO  o.s.d.r.w.BasePathAwareHandlerMapping.register 549 - Mapped "{[/profile],methods=[GET]}" onto org.springframework.http.HttpEntity<org.springframework.hateoas.ResourceSupport> org.springframework.data.rest.webmvc.ProfileController.listAllFormsOfMetadata()
2019-04-28 16:40:44,274 [main] INFO  o.s.d.r.w.BasePathAwareHandlerMapping.register 549 - Mapped "{[/profile/{repository}],methods=[GET],produces=[application/schema+json]}" onto public org.springframework.http.HttpEntity<org.springframework.data.rest.webmvc.json.JsonSchema> org.springframework.data.rest.webmvc.RepositorySchemaController.schema(org.springframework.data.rest.webmvc.RootResourceInformation)
2019-04-28 16:40:44,275 [main] INFO  o.s.d.r.w.BasePathAwareHandlerMapping.register 549 - Mapped "{[/profile/{repository}],methods=[GET],produces=[application/alps+json || */*]}" onto org.springframework.http.HttpEntity<org.springframework.data.rest.webmvc.RootResourceInformation> org.springframework.data.rest.webmvc.alps.AlpsController.descriptor(org.springframework.data.rest.webmvc.RootResourceInformation)
2019-04-28 16:40:44,276 [main] INFO  o.s.d.r.w.BasePathAwareHandlerMapping.register 549 - Mapped "{[/profile/{repository}],methods=[OPTIONS],produces=[application/alps+json]}" onto org.springframework.http.HttpEntity<?> org.springframework.data.rest.webmvc.alps.AlpsController.alpsOptions()
2019-04-28 16:40:44,439 [main] INFO  o.s.j.e.a.AnnotationMBeanExporter.afterSingletonsInstantiated 433 - Registering beans for JMX exposure on startup
2019-04-28 16:40:44,441 [main] INFO  o.s.j.e.a.AnnotationMBeanExporter.autodetect 895 - Bean with name 'dataSource' has been autodetected for JMX exposure
2019-04-28 16:40:44,453 [main] INFO  o.s.j.e.a.AnnotationMBeanExporter.registerBeanInstance 668 - Located MBean 'dataSource': registering with JMX server as MBean [com.zaxxer.hikari:name=dataSource,type=HikariDataSource]
2019-04-28 16:40:44,525 [main] INFO  o.s.b.w.e.tomcat.TomcatWebServer.start 206 - Tomcat started on port(s): 8083 (http) with context path '/gwq'
2019-04-28 16:40:44,530 [main] INFO  com.gwq.cnotf.CnotfApplication.logStarted 59 - Started CnotfApplication in 7.047 seconds (JVM running for 8.21)
2019-04-28 16:41:15,524 [http-nio-8083-exec-4] INFO  o.a.c.c.C.[.[localhost].[/gwq].log 180 - Initializing Spring FrameworkServlet 'dispatcherServlet'
2019-04-28 16:41:15,526 [http-nio-8083-exec-4] INFO  o.s.web.servlet.DispatcherServlet.initServletBean 494 - FrameworkServlet 'dispatcherServlet': initialization started
2019-04-28 16:41:15,548 [http-nio-8083-exec-4] INFO  o.s.web.servlet.DispatcherServlet.initServletBean 509 - FrameworkServlet 'dispatcherServlet': initialization completed in 22 ms
2019-04-28 16:41:45,630 [http-nio-8083-exec-7] INFO  com.gwq.cnotf.service.TsPfVarService.findcount 33 - ===========ddddddddddddd=====
2019-04-28 16:41:45,674 [http-nio-8083-exec-7] INFO  o.h.h.i.QueryTranslatorFactoryInitiator.initiateService 47 - HHH000397: Using ASTQueryTranslatorFactory
2019-04-28 16:41:45,984 [http-nio-8083-exec-7] INFO  com.gwq.cnotf.service.TsPfVarService.find 29 - ================
